#
# A fatal error has been detected by the Java Runtime Environment:
#
#  EXCEPTION_ACCESS_VIOLATION (0xc0000005) at pc=0x00000000580d91e7, pid=9748, tid=0x0000000000002498
#
# JRE version: OpenJDK Runtime Environment (8.0_282-b08) (build 1.8.0_282-b08)
# Java VM: OpenJDK 64-Bit Server VM (25.282-b08 mixed mode windows-amd64 compressed oops)
# Problematic frame:
# V  [jvm.dll+0x1f91e7]
#
# Failed to write core dump. Minidumps are not enabled by default on client versions of Windows
#
# If you would like to submit a bug report, please visit:
#   http://bugreport.java.com/bugreport/crash.jsp
#

---------------  T H R E A D  ---------------

Current thread (0x0000000026593800):  JavaThread "Asynchronous log dispatcher for DefaultDaemonConnection: socket connection from /127.0.0.1:61804 to /127.0.0.1:51268" [_thread_in_vm, id=9368, stack(0x0000000019820000,0x0000000019920000)]

siginfo: ExceptionCode=0xc0000005, writing address 0x00000000199192c0

Registers:
RAX=0x00000000199192c0, RBX=0x0000000000000007, RCX=0x0000000000006000, RDX=0x0000000000000006
RSP=0x000000001991f2c0, RBP=0x0000000000000000, RSI=0x000000001991f2c0, RDI=0x0000000000000007
R8 =0x0000000000000006, R9 =0x000000002693b780, R10=0x000000001963f750, R11=0x000000001982a158
R12=0x00000000ffffffff, R13=0x0000000026593800, R14=0x0000000026593800, R15=0x000000001963f750
RIP=0x00000000580d91e7, EFLAGS=0x0000000000010206

Top of Stack: (sp=0x000000001991f2c0)
0x000000001991f2c0:   00007ffdb8e83ee0 0000000100006c48
0x000000001991f2d0:   0000000026593800 00000000ffffffff
0x000000001991f2e0:   000000001991f388 00000000580da1c7
0x000000001991f2f0:   000000001991f3f0 000000002693b780
0x000000001991f300:   000000001963f750 0000000057f7f803
0x000000001991f310:   000000001991f350 0000000026593800
0x000000001991f320:   000000001991f3e0 0000000026593800
0x000000001991f330:   000000001963f750 0000000026593800
0x000000001991f340:   0000000002ee3920 0000000026593800
0x000000001991f350:   000000001963f750 0000000026593800
0x000000001991f360:   00000000138ce800 0000000026593800
0x000000001991f370:   0000000000000001 000000001963f750
0x000000001991f380:   0000000026593800 000000001b2b3b70
0x000000001991f390:   0000000026593800 0000000057f80f6d
0x000000001991f3a0:   000000001991f6a8 0000000100006c48
0x000000001991f3b0:   00000001001a4458 0000000000000000 

Instructions: (pc=0x00000000580d91e7)
0x00000000580d91c7:   48 89 6c 24 30 33 ed 66 90 e8 fb 98 08 00 ff c3
0x00000000580d91d7:   48 63 c8 48 8b c6 48 0f af cf 48 ff c7 48 2b c1
0x00000000580d91e7:   89 28 48 63 c3 48 3b 05 25 25 5b 00 7e db 48 8b
0x00000000580d91f7:   6c 24 30 48 8b 5c 24 38 48 8b 74 24 40 48 83 c4 


Register to memory mapping:

RAX=0x00000000199192c0 is pointing into the stack for thread: 0x0000000026593800
RBX=0x0000000000000007 is an unknown value
RCX=0x0000000000006000 is an unknown value
RDX=0x0000000000000006 is an unknown value
RSP=0x000000001991f2c0 is pointing into the stack for thread: 0x0000000026593800
RBP=0x0000000000000000 is an unknown value
RSI=0x000000001991f2c0 is pointing into the stack for thread: 0x0000000026593800
RDI=0x0000000000000007 is an unknown value
R8 =0x0000000000000006 is an unknown value
R9 =0x000000002693b780 is an unknown value
R10={method} {0x000000001963f758} 'run' '()V' in 'org/gradle/launcher/daemon/server/exec/LogToClient$AsynchronousLogDispatcher'
R11=0x000000001982a158 is pointing into the stack for thread: 0x0000000026593800
R12=0x00000000ffffffff is an unknown value
R13=0x0000000026593800 is a thread
R14=0x0000000026593800 is a thread
R15={method} {0x000000001963f758} 'run' '()V' in 'org/gradle/launcher/daemon/server/exec/LogToClient$AsynchronousLogDispatcher'


Stack: [0x0000000019820000,0x0000000019920000],  sp=0x000000001991f2c0,  free space=1020k
Native frames: (J=compiled Java code, j=interpreted, Vv=VM code, C=native code)


---------------  P R O C E S S  ---------------

Java Threads: ( => current thread )
  0x0000000026595000 JavaThread "Stdin handler" [_thread_in_vm, id=15096, stack(0x0000000019920000,0x0000000019a20000)]
=>0x0000000026593800 JavaThread "Asynchronous log dispatcher for DefaultDaemonConnection: socket connection from /127.0.0.1:61804 to /127.0.0.1:51268" [_thread_in_vm, id=9368, stack(0x0000000019820000,0x0000000019920000)]
  0x0000000026591000 JavaThread "Daemon worker Thread 4" [_thread_in_Java, id=13564, stack(0x0000000019520000,0x0000000019620000)]
  0x0000000026596800 JavaThread "Cancel handler" [_thread_blocked, id=11096, stack(0x00000000190e0000,0x00000000191e0000)]
  0x0000000026592800 JavaThread "Handler for socket connection from /127.0.0.1:61804 to /127.0.0.1:51268" [_thread_in_native, id=14360, stack(0x0000000018fe0000,0x00000000190e0000)]
  0x0000000026592000 JavaThread "Daemon Thread 4" [_thread_blocked, id=10912, stack(0x0000000001020000,0x0000000001120000)]
  0x00000000265a1000 JavaThread "Cache worker for Java compile cache (C:\Users\Owner\.gradle\caches\6.7\javaCompile)" [_thread_blocked, id=9096, stack(0x000000002d4a0000,0x000000002d5a0000)]
  0x00000000165ca000 JavaThread "Memory manager" [_thread_blocked, id=11192, stack(0x00000000256b0000,0x00000000257b0000)]
  0x000000001800e000 JavaThread "Cache worker for file content cache (C:\Users\Owner\.gradle\caches\6.7\fileContent)" [_thread_blocked, id=4252, stack(0x000000001e620000,0x000000001e720000)]
  0x0000000018011000 JavaThread "Cache worker for execution history cache (C:\Users\Owner\.gradle\caches\6.7\executionHistory)" [_thread_blocked, id=7188, stack(0x000000001de20000,0x000000001df20000)]
  0x0000000018010800 JavaThread "Cache worker for journal cache (C:\Users\Owner\.gradle\caches\journal-1)" [_thread_blocked, id=14456, stack(0x000000001a320000,0x000000001a420000)]
  0x000000001800d800 JavaThread "File lock request listener" [_thread_in_native, id=14452, stack(0x000000001a220000,0x000000001a320000)]
  0x000000001800f000 JavaThread "Cache worker for file hash cache (C:\Users\Owner\.gradle\caches\6.7\fileHashes)" [_thread_blocked, id=3624, stack(0x000000001a020000,0x000000001a120000)]
  0x0000000016f5e800 JavaThread "Daemon periodic checks" [_thread_blocked, id=14372, stack(0x0000000019420000,0x0000000019520000)]
  0x0000000016ad1000 JavaThread "Incoming local TCP Connector on port 61804" [_thread_in_native, id=664, stack(0x00000000191e0000,0x00000000192e0000)]
  0x0000000017bb3800 JavaThread "Daemon health stats" [_thread_blocked, id=5944, stack(0x0000000018ba0000,0x0000000018ca0000)]
  0x000000001429c800 JavaThread "Service Thread" daemon [_thread_blocked, id=8392, stack(0x0000000015fa0000,0x00000000160a0000)]
  0x0000000014253800 JavaThread "C1 CompilerThread2" daemon [_thread_blocked, id=14628, stack(0x0000000015aa0000,0x0000000015ba0000)]
  0x0000000014251000 JavaThread "C2 CompilerThread1" daemon [_thread_blocked, id=556, stack(0x00000000159a0000,0x0000000015aa0000)]
  0x000000001424a000 JavaThread "C2 CompilerThread0" daemon [_thread_blocked, id=9136, stack(0x00000000158a0000,0x00000000159a0000)]
  0x0000000014244800 JavaThread "Attach Listener" daemon [_thread_blocked, id=8152, stack(0x00000000157a0000,0x00000000158a0000)]
  0x0000000014243000 JavaThread "Signal Dispatcher" daemon [_thread_blocked, id=13104, stack(0x00000000156a0000,0x00000000157a0000)]
  0x0000000002ecb000 JavaThread "Finalizer" daemon [_thread_blocked, id=12828, stack(0x00000000154a0000,0x00000000155a0000)]
  0x0000000014229000 JavaThread "Reference Handler" daemon [_thread_blocked, id=14388, stack(0x00000000153a0000,0x00000000154a0000)]
  0x0000000002dce800 JavaThread "main" [_thread_blocked, id=3080, stack(0x0000000002c50000,0x0000000002d50000)]

Other Threads:
  0x0000000014207800 VMThread [stack: 0x00000000152a0000,0x00000000153a0000] [id=14392]
  0x000000001429d800 WatcherThread [stack: 0x00000000160a0000,0x00000000161a0000] [id=2852]

VM state:not at safepoint (normal execution)

VM Mutex/Monitor currently owned by a thread: None

OutOfMemory and StackOverflow Exception counts:
StackOverflowErrors=1

heap address: 0x00000000e0000000, size: 512 MB, Compressed Oops mode: 32-bit
Narrow klass base: 0x0000000000000000, Narrow klass shift: 3
Compressed class space size: 1073741824 Address: 0x0000000100000000

Heap:
 PSYoungGen      total 131072K, used 84355K [0x00000000f5580000, 0x0000000100000000, 0x0000000100000000)
  eden space 100864K, 53% used [0x00000000f5580000,0x00000000f8a9c0c0,0x00000000fb800000)
  from space 30208K, 99% used [0x00000000fb800000,0x00000000fd544c50,0x00000000fd580000)
  to   space 39424K, 0% used [0x00000000fd980000,0x00000000fd980000,0x0000000100000000)
 ParOldGen       total 210944K, used 99715K [0x00000000e0000000, 0x00000000ece00000, 0x00000000f5580000)
  object space 210944K, 47% used [0x00000000e0000000,0x00000000e6160ec8,0x00000000ece00000)
 Metaspace       used 99275K, capacity 106676K, committed 106904K, reserved 1140736K
  class space    used 13182K, capacity 14705K, committed 14744K, reserved 1048576K

Card table byte_map: [0x0000000012290000,0x00000000123a0000] byte_map_base: 0x0000000011b90000

Marking Bits: (ParMarkBitMap*) 0x00000000586f3420
 Begin Bits: [0x00000000127a0000, 0x0000000012fa0000)
 End Bits:   [0x0000000012fa0000, 0x00000000137a0000)

Polling page: 0x0000000001390000

CodeCache: size=245760Kb used=55946Kb max_used=55957Kb free=189813Kb
 bounds [0x0000000002ed0000, 0x00000000065d0000, 0x0000000011ed0000]
 total_blobs=17706 nmethods=16810 adapters=807
 compilation: enabled

Compilation events (10 events):
Event: 706.575 Thread 0x000000001424a000 nmethod 20522 0x00000000052e2290 code [0x00000000052e23c0, 0x00000000052e2438]
Event: 706.582 Thread 0x0000000014253800 20523       3       java.lang.ProcessEnvironment$CheckedEntry::getKey (5 bytes)
Event: 706.583 Thread 0x0000000014253800 nmethod 20523 0x00000000042f6c90 code [0x00000000042f6e00, 0x00000000042f7168]
Event: 706.583 Thread 0x0000000014253800 20524       3       java.lang.ProcessEnvironment$CheckedEntry::getKey (13 bytes)
Event: 706.583 Thread 0x0000000014253800 nmethod 20524 0x0000000003b4a350 code [0x0000000003b4a4c0, 0x0000000003b4a7c8]
Event: 706.583 Thread 0x0000000014253800 20525       3       java.lang.ProcessEnvironment$CheckedEntry::getValue (5 bytes)
Event: 706.584 Thread 0x0000000014253800 nmethod 20525 0x0000000004292e90 code [0x0000000004293000, 0x0000000004293368]
Event: 706.591 Thread 0x0000000014251000 nmethod 20521 0x0000000003a3b9d0 code [0x0000000003a3bb80, 0x0000000003a3c288]
Event: 706.597 Thread 0x000000001424a000 20526       4       java.util.Formatter$FormatSpecifier::print (243 bytes)
Event: 706.606 Thread 0x000000001424a000 nmethod 20526 0x000000000562a5d0 code [0x000000000562aac0, 0x000000000562acf0]

GC Heap History (10 events):
Event: 208.031 GC heap before
{Heap before GC invocations=27 (full 4):
 PSYoungGen      total 140288K, used 109568K [0x00000000f5580000, 0x00000000ffc80000, 0x0000000100000000)
  eden space 109568K, 100% used [0x00000000f5580000,0x00000000fc080000,0x00000000fc080000)
  from space 30720K, 0% used [0x00000000fde80000,0x00000000fde80000,0x00000000ffc80000)
  to   space 30720K, 0% used [0x00000000fc080000,0x00000000fc080000,0x00000000fde80000)
 ParOldGen       total 210944K, used 99675K [0x00000000e0000000, 0x00000000ece00000, 0x00000000f5580000)
  object space 210944K, 47% used [0x00000000e0000000,0x00000000e6156ec8,0x00000000ece00000)
 Metaspace       used 93759K, capacity 100836K, committed 101016K, reserved 1136640K
  class space    used 12604K, capacity 14105K, committed 14232K, reserved 1048576K
Event: 208.098 GC heap after
Heap after GC invocations=27 (full 4):
 PSYoungGen      total 140288K, used 21655K [0x00000000f5580000, 0x0000000100000000, 0x0000000100000000)
  eden space 109568K, 0% used [0x00000000f5580000,0x00000000f5580000,0x00000000fc080000)
  from space 30720K, 70% used [0x00000000fc080000,0x00000000fd5a5c50,0x00000000fde80000)
  to   space 31744K, 0% used [0x00000000fe100000,0x00000000fe100000,0x0000000100000000)
 ParOldGen       total 210944K, used 99683K [0x00000000e0000000, 0x00000000ece00000, 0x00000000f5580000)
  object space 210944K, 47% used [0x00000000e0000000,0x00000000e6158ec8,0x00000000ece00000)
 Metaspace       used 93759K, capacity 100836K, committed 101016K, reserved 1136640K
  class space    used 12604K, capacity 14105K, committed 14232K, reserved 1048576K
}
Event: 211.438 GC heap before
{Heap before GC invocations=28 (full 4):
 PSYoungGen      total 140288K, used 131223K [0x00000000f5580000, 0x0000000100000000, 0x0000000100000000)
  eden space 109568K, 100% used [0x00000000f5580000,0x00000000fc080000,0x00000000fc080000)
  from space 30720K, 70% used [0x00000000fc080000,0x00000000fd5a5c50,0x00000000fde80000)
  to   space 31744K, 0% used [0x00000000fe100000,0x00000000fe100000,0x0000000100000000)
 ParOldGen       total 210944K, used 99683K [0x00000000e0000000, 0x00000000ece00000, 0x00000000f5580000)
  object space 210944K, 47% used [0x00000000e0000000,0x00000000e6158ec8,0x00000000ece00000)
 Metaspace       used 94372K, capacity 101600K, committed 101784K, reserved 1136640K
  class space    used 12635K, capacity 14125K, committed 14232K, reserved 1048576K
Event: 211.491 GC heap after
Heap after GC invocations=28 (full 4):
 PSYoungGen      total 142848K, used 18853K [0x00000000f5580000, 0x0000000100000000, 0x0000000100000000)
  eden space 111104K, 0% used [0x00000000f5580000,0x00000000f5580000,0x00000000fc200000)
  from space 31744K, 59% used [0x00000000fe100000,0x00000000ff369500,0x0000000100000000)
  to   space 31744K, 0% used [0x00000000fc200000,0x00000000fc200000,0x00000000fe100000)
 ParOldGen       total 210944K, used 99691K [0x00000000e0000000, 0x00000000ece00000, 0x00000000f5580000)
  object space 210944K, 47% used [0x00000000e0000000,0x00000000e615aec8,0x00000000ece00000)
 Metaspace       used 94372K, capacity 101600K, committed 101784K, reserved 1136640K
  class space    used 12635K, capacity 14125K, committed 14232K, reserved 1048576K
}
Event: 216.864 GC heap before
{Heap before GC invocations=29 (full 4):
 PSYoungGen      total 142848K, used 129957K [0x00000000f5580000, 0x0000000100000000, 0x0000000100000000)
  eden space 111104K, 100% used [0x00000000f5580000,0x00000000fc200000,0x00000000fc200000)
  from space 31744K, 59% used [0x00000000fe100000,0x00000000ff369500,0x0000000100000000)
  to   space 31744K, 0% used [0x00000000fc200000,0x00000000fc200000,0x00000000fe100000)
 ParOldGen       total 210944K, used 99691K [0x00000000e0000000, 0x00000000ece00000, 0x00000000f5580000)
  object space 210944K, 47% used [0x00000000e0000000,0x00000000e615aec8,0x00000000ece00000)
 Metaspace       used 95138K, capacity 102322K, committed 102552K, reserved 1138688K
  class space    used 12659K, capacity 14128K, committed 14232K, reserved 1048576K
Event: 216.966 GC heap after
Heap after GC invocations=29 (full 4):
 PSYoungGen      total 139264K, used 27908K [0x00000000f5580000, 0x0000000100000000, 0x0000000100000000)
  eden space 111104K, 0% used [0x00000000f5580000,0x00000000f5580000,0x00000000fc200000)
  from space 28160K, 99% used [0x00000000fc200000,0x00000000fdd410c0,0x00000000fdd80000)
  to   space 34816K, 0% used [0x00000000fde00000,0x00000000fde00000,0x0000000100000000)
 ParOldGen       total 210944K, used 99699K [0x00000000e0000000, 0x00000000ece00000, 0x00000000f5580000)
  object space 210944K, 47% used [0x00000000e0000000,0x00000000e615cec8,0x00000000ece00000)
 Metaspace       used 95138K, capacity 102322K, committed 102552K, reserved 1138688K
  class space    used 12659K, capacity 14128K, committed 14232K, reserved 1048576K
}
Event: 220.173 GC heap before
{Heap before GC invocations=30 (full 4):
 PSYoungGen      total 139264K, used 139012K [0x00000000f5580000, 0x0000000100000000, 0x0000000100000000)
  eden space 111104K, 100% used [0x00000000f5580000,0x00000000fc200000,0x00000000fc200000)
  from space 28160K, 99% used [0x00000000fc200000,0x00000000fdd410c0,0x00000000fdd80000)
  to   space 34816K, 0% used [0x00000000fde00000,0x00000000fde00000,0x0000000100000000)
 ParOldGen       total 210944K, used 99699K [0x00000000e0000000, 0x00000000ece00000, 0x00000000f5580000)
  object space 210944K, 47% used [0x00000000e0000000,0x00000000e615cec8,0x00000000ece00000)
 Metaspace       used 98018K, capacity 105282K, committed 105496K, reserved 1140736K
  class space    used 13024K, capacity 14500K, committed 14616K, reserved 1048576K
Event: 220.229 GC heap after
Heap after GC invocations=30 (full 4):
 PSYoungGen      total 135680K, used 27637K [0x00000000f5580000, 0x0000000100000000, 0x0000000100000000)
  eden space 100864K, 0% used [0x00000000f5580000,0x00000000f5580000,0x00000000fb800000)
  from space 34816K, 79% used [0x00000000fde00000,0x00000000ff8fd790,0x0000000100000000)
  to   space 36864K, 0% used [0x00000000fb800000,0x00000000fb800000,0x00000000fdc00000)
 ParOldGen       total 210944K, used 99707K [0x00000000e0000000, 0x00000000ece00000, 0x00000000f5580000)
  object space 210944K, 47% used [0x00000000e0000000,0x00000000e615eec8,0x00000000ece00000)
 Metaspace       used 98018K, capacity 105282K, committed 105496K, reserved 1140736K
  class space    used 13024K, capacity 14500K, committed 14616K, reserved 1048576K
}
Event: 618.420 GC heap before
{Heap before GC invocations=31 (full 4):
 PSYoungGen      total 135680K, used 128501K [0x00000000f5580000, 0x0000000100000000, 0x0000000100000000)
  eden space 100864K, 100% used [0x00000000f5580000,0x00000000fb800000,0x00000000fb800000)
  from space 34816K, 79% used [0x00000000fde00000,0x00000000ff8fd790,0x0000000100000000)
  to   space 36864K, 0% used [0x00000000fb800000,0x00000000fb800000,0x00000000fdc00000)
 ParOldGen       total 210944K, used 99707K [0x00000000e0000000, 0x00000000ece00000, 0x00000000f5580000)
  object space 210944K, 47% used [0x00000000e0000000,0x00000000e615eec8,0x00000000ece00000)
 Metaspace       used 99157K, capacity 106526K, committed 106648K, reserved 1140736K
  class space    used 13179K, capacity 14702K, committed 14744K, reserved 1048576K
Event: 618.535 GC heap after
Heap after GC invocations=31 (full 4):
 PSYoungGen      total 131072K, used 29971K [0x00000000f5580000, 0x0000000100000000, 0x0000000100000000)
  eden space 100864K, 0% used [0x00000000f5580000,0x00000000f5580000,0x00000000fb800000)
  from space 30208K, 99% used [0x00000000fb800000,0x00000000fd544c50,0x00000000fd580000)
  to   space 39424K, 0% used [0x00000000fd980000,0x00000000fd980000,0x0000000100000000)
 ParOldGen       total 210944K, used 99715K [0x00000000e0000000, 0x00000000ece00000, 0x00000000f5580000)
  object space 210944K, 47% used [0x00000000e0000000,0x00000000e6160ec8,0x00000000ece00000)
 Metaspace       used 99157K, capacity 106526K, committed 106648K, reserved 1140736K
  class space    used 13179K, capacity 14702K, committed 14744K, reserved 1048576K
}

Deoptimization events (10 events):
Event: 618.141 Thread 0x0000000026596800 Uncommon trap: reason=class_check action=maybe_recompile pc=0x0000000004be2434 method=org.gradle.api.internal.attributes.DefaultCompatibilityRuleChain.execute(Lorg/gradle/api/internal/attributes/CompatibilityCheckResult;)V @ 25
Event: 618.156 Thread 0x0000000026596800 Uncommon trap: reason=class_check action=maybe_recompile pc=0x0000000004be2434 method=org.gradle.api.internal.attributes.DefaultCompatibilityRuleChain.execute(Lorg/gradle/api/internal/attributes/CompatibilityCheckResult;)V @ 25
Event: 618.275 Thread 0x0000000026596800 Uncommon trap: reason=class_check action=maybe_recompile pc=0x0000000004be2434 method=org.gradle.api.internal.attributes.DefaultCompatibilityRuleChain.execute(Lorg/gradle/api/internal/attributes/CompatibilityCheckResult;)V @ 25
Event: 624.913 Thread 0x0000000026596800 Uncommon trap: reason=bimorphic action=maybe_recompile pc=0x000000000644a38c method=com.google.common.collect.AbstractIterator.tryToComputeNext()Z @ 9
Event: 624.934 Thread 0x0000000026597800 Uncommon trap: reason=unstable_if action=reinterpret pc=0x00000000064c6dfc method=java.nio.DirectByteBuffer.put([BII)Ljava/nio/ByteBuffer; @ 8
Event: 706.591 Thread 0x0000000026591000 Uncommon trap: reason=bimorphic action=maybe_recompile pc=0x000000000644a38c method=com.google.common.collect.AbstractIterator.tryToComputeNext()Z @ 9
Event: 706.603 Thread 0x0000000026591000 Uncommon trap: reason=unloaded action=reinterpret pc=0x0000000003c58284 method=sun.reflect.GeneratedMethodAccessor1.invoke(Ljava/lang/Object;[Ljava/lang/Object;)Ljava/lang/Object; @ 59
Event: 706.603 Thread 0x0000000026591000 Uncommon trap: reason=uninitialized action=reinterpret pc=0x00000000048c6ee8 method=org.gradle.internal.dispatch.ReflectionDispatch.dispatch(Lorg/gradle/internal/dispatch/MethodInvocation;)V @ 28
Event: 706.603 Thread 0x0000000026591000 Uncommon trap: reason=unloaded action=reinterpret pc=0x000000000453bddc method=org.gradle.internal.event.AbstractBroadcastDispatch.dispatch(Lorg/gradle/internal/dispatch/MethodInvocation;Lorg/gradle/internal/dispatch/Dispatch;)V @ 56
Event: 706.604 Thread 0x0000000026591000 Uncommon trap: reason=unloaded action=reinterpret pc=0x0000000005b4ccbc method=org.gradle.internal.event.AbstractBroadcastDispatch.dispatch(Lorg/gradle/internal/dispatch/MethodInvocation;Ljava/util/Iterator;)V @ 39

Classes redefined (0 events):
No events

Internal exceptions (10 events):
Event: 219.752 Thread 0x000000001a80f800 Exception <a 'sun/nio/fs/WindowsException'> (0x00000000fb830c58) thrown at [C:\cygwin64\tmp\build\source\java-1.8.0-openjdk\tmp\jdk8u\hotspot\src\share\vm\prims\jni.cpp, line 711]
Event: 221.238 Thread 0x000000001a80f800 Exception <a 'java/lang/reflect/InvocationTargetException'> (0x00000000f663d7a8) thrown at [C:\cygwin64\tmp\build\source\java-1.8.0-openjdk\tmp\jdk8u\hotspot\src\share\vm\runtime\reflection.cpp, line 1092]
Event: 221.814 Thread 0x00000000165c0800 Exception <a 'java/lang/NoSuchMethodError': <clinit>> (0x00000000f6c46480) thrown at [C:\cygwin64\tmp\build\source\java-1.8.0-openjdk\tmp\jdk8u\hotspot\src\share\vm\prims\jni.cpp, line 1616]
Event: 221.817 Thread 0x00000000165c0800 Exception <a 'java/lang/NoSuchMethodError': <clinit>> (0x00000000f6c55ee0) thrown at [C:\cygwin64\tmp\build\source\java-1.8.0-openjdk\tmp\jdk8u\hotspot\src\share\vm\prims\jni.cpp, line 1616]
Event: 221.817 Thread 0x00000000165c0800 Exception <a 'java/lang/NoSuchMethodError': <clinit>> (0x00000000f6c58390) thrown at [C:\cygwin64\tmp\build\source\java-1.8.0-openjdk\tmp\jdk8u\hotspot\src\share\vm\prims\jni.cpp, line 1616]
Event: 221.820 Thread 0x00000000165c0800 Exception <a 'java/lang/NoSuchMethodError': <clinit>> (0x00000000f6c685f8) thrown at [C:\cygwin64\tmp\build\source\java-1.8.0-openjdk\tmp\jdk8u\hotspot\src\share\vm\prims\jni.cpp, line 1616]
Event: 221.822 Thread 0x00000000165c0800 Exception <a 'java/lang/NoSuchMethodError': <clinit>> (0x00000000f6c73ac0) thrown at [C:\cygwin64\tmp\build\source\java-1.8.0-openjdk\tmp\jdk8u\hotspot\src\share\vm\prims\jni.cpp, line 1616]
Event: 614.814 Thread 0x0000000026596800 Implicit null exception at 0x0000000004b97b23 to 0x0000000004b97c5d
Event: 706.602 Thread 0x0000000026591000 StackOverflowError at 0x00000000061b1cc0
Event: 706.603 Thread 0x0000000026591000 Exception <a 'java/lang/StackOverflowError'> (0x00000000f8a0a688) thrown at [C:\cygwin64\tmp\build\source\java-1.8.0-openjdk\tmp\jdk8u\hotspot\src\share\vm\runtime\sharedRuntime.cpp, line 605]

Events (10 events):
Event: 706.603 Thread 0x0000000026591000 DEOPT PACKING pc=0x00000000048c6ee8 sp=0x000000001961e580
Event: 706.603 Thread 0x0000000026591000 DEOPT UNPACKING pc=0x0000000002f1557b sp=0x000000001961e4c0 mode 2
Event: 706.603 Thread 0x0000000026591000 Uncommon trap: trap_request=0x00000011 fr.pc=0x000000000453bddc
Event: 706.603 Thread 0x0000000026591000 DEOPT PACKING pc=0x000000000453bddc sp=0x000000001961e5c0
Event: 706.603 Thread 0x0000000026591000 DEOPT UNPACKING pc=0x0000000002f1557b sp=0x000000001961e490 mode 2
Event: 706.604 Thread 0x0000000026591000 Uncommon trap: trap_request=0x0000001d fr.pc=0x0000000005b4ccbc
Event: 706.604 Thread 0x0000000026591000 DEOPT PACKING pc=0x0000000005b4ccbc sp=0x000000001961e5f0
Event: 706.604 Thread 0x0000000026591000 DEOPT UNPACKING pc=0x0000000002f1557b sp=0x000000001961e4d0 mode 2
Event: 706.606 loading class java/lang/Throwable$WrappedPrintWriter
Event: 706.618 loading class java/lang/Throwable$WrappedPrintWriter done


Dynamic libraries:
0x00007ff6d5070000 - 0x00007ff6d50a5000 	C:\Program Files\OpenJDK\openjdk-8u282-b08\bin\java.exe
0x00007ffdc9a90000 - 0x00007ffdc9c85000 	C:\WINDOWS\SYSTEM32\ntdll.dll
0x00007ffd9df60000 - 0x00007ffd9df76000 	C:\Program Files\AVAST Software\Avast\aswhook.dll
0x00007ffdc8db0000 - 0x00007ffdc8e6e000 	C:\WINDOWS\System32\KERNEL32.DLL
0x00007ffdc76d0000 - 0x00007ffdc7999000 	C:\WINDOWS\System32\KERNELBASE.dll
0x00007ffdc84d0000 - 0x00007ffdc857c000 	C:\WINDOWS\System32\ADVAPI32.dll
0x00007ffdc7bd0000 - 0x00007ffdc7c6e000 	C:\WINDOWS\System32\msvcrt.dll
0x00007ffdc7c70000 - 0x00007ffdc7d0b000 	C:\WINDOWS\System32\sechost.dll
0x00007ffdc83a0000 - 0x00007ffdc84ca000 	C:\WINDOWS\System32\RPCRT4.dll
0x00007ffdc90b0000 - 0x00007ffdc9251000 	C:\WINDOWS\System32\USER32.dll
0x00007ffdc71b0000 - 0x00007ffdc71d2000 	C:\WINDOWS\System32\win32u.dll
0x00007ffdc9000000 - 0x00007ffdc902b000 	C:\WINDOWS\System32\GDI32.dll
0x00007ffdc79a0000 - 0x00007ffdc7aab000 	C:\WINDOWS\System32\gdi32full.dll
0x00007ffdc7340000 - 0x00007ffdc73dd000 	C:\WINDOWS\System32\msvcp_win.dll
0x00007ffdc71e0000 - 0x00007ffdc72e0000 	C:\WINDOWS\System32\ucrtbase.dll
0x00007ffdb7660000 - 0x00007ffdb78fa000 	C:\WINDOWS\WinSxS\amd64_microsoft.windows.common-controls_6595b64144ccf1df_6.0.19041.1110_none_60b5254171f9507e\COMCTL32.dll
0x00007ffdc8370000 - 0x00007ffdc83a0000 	C:\WINDOWS\System32\IMM32.DLL
0x0000000058780000 - 0x0000000058852000 	C:\Program Files\OpenJDK\openjdk-8u282-b08\jre\bin\msvcr100.dll
0x0000000057ee0000 - 0x0000000058775000 	C:\Program Files\OpenJDK\openjdk-8u282-b08\jre\bin\server\jvm.dll
0x00007ffdc7d70000 - 0x00007ffdc7d78000 	C:\WINDOWS\System32\PSAPI.DLL
0x00007ffd9ddb0000 - 0x00007ffd9ddd7000 	C:\WINDOWS\SYSTEM32\WINMM.dll
0x00007ffdbd7d0000 - 0x00007ffdbd7da000 	C:\WINDOWS\SYSTEM32\VERSION.dll
0x00007ffdb5730000 - 0x00007ffdb5739000 	C:\WINDOWS\SYSTEM32\WSOCK32.dll
0x00007ffdc8e70000 - 0x00007ffdc8edb000 	C:\WINDOWS\System32\WS2_32.dll
0x00007ffdb7b90000 - 0x00007ffdb7b9f000 	C:\Program Files\OpenJDK\openjdk-8u282-b08\jre\bin\verify.dll
0x00007ffdb7b60000 - 0x00007ffdb7b89000 	C:\Program Files\OpenJDK\openjdk-8u282-b08\jre\bin\java.dll
0x00007ffdb72d0000 - 0x00007ffdb72e6000 	C:\Program Files\OpenJDK\openjdk-8u282-b08\jre\bin\zip.dll
0x00007ffdc9310000 - 0x00007ffdc9a4f000 	C:\WINDOWS\System32\SHELL32.dll
0x00007ffdc52b0000 - 0x00007ffdc5a40000 	C:\WINDOWS\SYSTEM32\windows.storage.dll
0x00007ffdc8770000 - 0x00007ffdc8ac5000 	C:\WINDOWS\System32\combase.dll
0x00007ffdc6b30000 - 0x00007ffdc6b5c000 	C:\WINDOWS\SYSTEM32\Wldp.dll
0x00007ffdc9260000 - 0x00007ffdc930d000 	C:\WINDOWS\System32\SHCORE.dll
0x00007ffdc8d50000 - 0x00007ffdc8da5000 	C:\WINDOWS\System32\shlwapi.dll
0x00007ffdc70f0000 - 0x00007ffdc710f000 	C:\WINDOWS\SYSTEM32\profapi.dll
0x00007ffdb7260000 - 0x00007ffdb727b000 	C:\Program Files\OpenJDK\openjdk-8u282-b08\jre\bin\net.dll
0x00007ffdc6890000 - 0x00007ffdc68fa000 	C:\WINDOWS\system32\mswsock.dll
0x00007ffdb6520000 - 0x00007ffdb6532000 	C:\Program Files\OpenJDK\openjdk-8u282-b08\jre\bin\nio.dll
0x00007ffdb64f0000 - 0x00007ffdb6516000 	C:\Users\Owner\.gradle\native\fdc75f09e3144964f2cf3f50f0aa648679c211496f362492102eb8c894070792\windows-amd64\native-platform.dll
0x00007ffdb6350000 - 0x00007ffdb64e1000 	C:\Users\Owner\.gradle\native\12488b8bf47d2d4c9fbf2f6322a914ad602e24e48041cd04a747c6da556b65c4\windows-amd64\native-platform-file-events.dll
0x00007ffdb6330000 - 0x00007ffdb633d000 	C:\Program Files\OpenJDK\openjdk-8u282-b08\jre\bin\management.dll
0x00007ffdc6a80000 - 0x00007ffdc6a98000 	C:\WINDOWS\SYSTEM32\CRYPTSP.dll
0x00007ffdc6210000 - 0x00007ffdc6244000 	C:\WINDOWS\system32\rsaenh.dll
0x00007ffdc7ab0000 - 0x00007ffdc7ad7000 	C:\WINDOWS\System32\bcrypt.dll
0x00007ffdc7070000 - 0x00007ffdc709e000 	C:\WINDOWS\SYSTEM32\USERENV.dll
0x00007ffdc7430000 - 0x00007ffdc74b3000 	C:\WINDOWS\System32\bcryptprimitives.dll
0x00007ffdc6aa0000 - 0x00007ffdc6aac000 	C:\WINDOWS\SYSTEM32\CRYPTBASE.dll
0x00007ffdc6580000 - 0x00007ffdc65bb000 	C:\WINDOWS\SYSTEM32\IPHLPAPI.DLL
0x00007ffdc7ae0000 - 0x00007ffdc7ae8000 	C:\WINDOWS\System32\NSI.dll
0x00007ffdb9290000 - 0x00007ffdb92a7000 	C:\WINDOWS\SYSTEM32\dhcpcsvc6.DLL
0x00007ffdbd440000 - 0x00007ffdbd45d000 	C:\WINDOWS\SYSTEM32\dhcpcsvc.DLL
0x00007ffdc65c0000 - 0x00007ffdc668c000 	C:\WINDOWS\SYSTEM32\DNSAPI.dll
0x00007ffdbe1f0000 - 0x00007ffdbe1fb000 	C:\WINDOWS\SYSTEM32\WINNSI.DLL
0x00007ffdc5ea0000 - 0x00007ffdc5ed3000 	C:\WINDOWS\SYSTEM32\ntmarta.dll
0x00007ffdb8e80000 - 0x00007ffdb8e9e000 	C:\Users\Owner\AppData\Local\Temp\native-platform1926003408799254021dir\native-platform.dll

VM Arguments:
jvm_args: -XX:MaxMetaspaceSize=256m -XX:+HeapDumpOnOutOfMemoryError -Xms256m -Xmx512m -Dfile.encoding=windows-1252 -Duser.country=US -Duser.language=en -Duser.variant 
java_command: org.gradle.launcher.daemon.bootstrap.GradleDaemon 6.7
java_class_path (initial): C:\Users\Owner\.gradle\wrapper\dists\gradle-6.7-all\cuy9mc7upwgwgeb72wkcrupxe\gradle-6.7\lib\gradle-launcher-6.7.jar
Launcher Type: SUN_STANDARD

Environment Variables:
JAVA_HOME=C:\Program Files\OpenJDK\openjdk-8u282-b08
CLASSPATH=C:\Users\Owner\Pmuz\android\\gradle\wrapper\gradle-wrapper.jar
PATH=C:\Users\Owner\pmuz\android\node_modules\.bin;C:\Users\Owner\pmuz\node_modules\.bin;C:\Users\Owner\node_modules\.bin;C:\Users\node_modules\.bin;C:\node_modules\.bin;C:\Program Files\nodejs;C:\Users\Owner\Downloads\WINDOWS.X64_193000_db_home\bin;C:\Program Files (x86)\Common Files\Oracle\Java\javapath;C:\WINDOWS\system32;C:\WINDOWS;C:\WINDOWS\System32\Wbem;C:\WINDOWS\System32\WindowsPowerShell\v1.0\;C:\WINDOWS\System32\OpenSSH\;C:\Program Files\Git\cmd;C:\Users\Owner\AppData\Local\Android\sdk\platform-tools;C:\ProgramData\chocolatey\bin;C:\Program Files\OpenJDK\openjdk-8u282-b08\bin;C:\Users\Owner\AppData\Local\Android\Sdk\emulator;C:\Users\Owner\AppData\Local\Android\Sdk\tools\bin;C:\Users\Owner\AppData\Local\Android\Sdk\tools;C:\Program Files\nodejs\;C:\Users\Owner\AppData\Local\Microsoft\WindowsApps;C:\Users\Owner\AppData\Local\Programs\Microsoft VS Code\bin;C:\AppServ\Apache24\bin;C:\AppServ\php7;C:\Users\Owner\AppServ\Apache24\bin;C:\Users\Owner\AppServ\php7;C:\Users\Owner\AppServ\MySQL\bin;C:\AppServ\MySQL\bin;C:\Users\Owner\AppData\Roaming\npm;C:\Program Files\heroku\bin
USERNAME=Owner
OS=Windows_NT
PROCESSOR_IDENTIFIER=Intel64 Family 6 Model 42 Stepping 7, GenuineIntel



---------------  S Y S T E M  ---------------

OS: Windows 10.0 , 64 bit Build 19041 (10.0.19041.1202)

CPU:total 4 (initial active 4) (2 cores per cpu, 2 threads per core) family 6 model 42 stepping 7, cmov, cx8, fxsr, mmx, sse, sse2, sse3, ssse3, sse4.1, sse4.2, popcnt, avx, aes, clmul, ht, tsc, tscinvbit

Memory: 4k page, physical 4138424k(322776k free), swap 8234424k(1220k free)

vm_info: OpenJDK 64-Bit Server VM (25.282-b08) for windows-amd64 JRE (1.8.0_282-b08), built on Jan 11 2021 12:17:07 by "build" with MS VC++ 10.0 (VS2010)

time: Sat Nov 13 21:51:53 2021
timezone: SA Western Standard Time
elapsed time: 707.086018 seconds (0d 0h 11m 47s)

