#
# There is insufficient memory for the Java Runtime Environment to continue.
# Native memory allocation (malloc) failed to allocate 1637136 bytes for Chunk::new
# Possible reasons:
#   The system is out of physical RAM or swap space
#   The process is running with CompressedOops enabled, and the Java Heap may be blocking the growth of the native heap
# Possible solutions:
#   Reduce memory load on the system
#   Increase physical memory or swap space
#   Check if swap backing store is full
#   Decrease Java heap size (-Xmx/-Xms)
#   Decrease number of Java threads
#   Decrease Java thread stack sizes (-Xss)
#   Set larger code cache with -XX:ReservedCodeCacheSize=
#   JVM is running with Unscaled Compressed Oops mode in which the Java heap is
#     placed in the first 4GB address space. The Java Heap base address is the
#     maximum limit for the native heap growth. Please use -XX:HeapBaseMinAddress
#     to set the Java Heap base and to place the Java Heap above 4GB virtual address.
# This output file may be truncated or incomplete.
#
#  Out of Memory Error (allocation.cpp:389), pid=10808, tid=0x0000000000002964
#
# JRE version: OpenJDK Runtime Environment (8.0_282-b08) (build 1.8.0_282-b08)
# Java VM: OpenJDK 64-Bit Server VM (25.282-b08 mixed mode windows-amd64 compressed oops)
# Failed to write core dump. Minidumps are not enabled by default on client versions of Windows
#

---------------  T H R E A D  ---------------

Current thread (0x0000000013932800):  JavaThread "C2 CompilerThread0" daemon [_thread_in_native, id=10596, stack(0x0000000014f70000,0x0000000015070000)]

Stack: [0x0000000014f70000,0x0000000015070000]
[error occurred during error reporting (printing stack bounds), id 0xc0000005]

Native frames: (J=compiled Java code, j=interpreted, Vv=VM code, C=native code)


Current CompileTask:
C2:5675570 18950   !   4       java.io.ObjectInputStream::readObject0 (671 bytes)


---------------  P R O C E S S  ---------------

Java Threads: ( => current thread )
  0x000000001b46e800 JavaThread "stdout" [_thread_in_native, id=15180, stack(0x000000002ec10000,0x000000002ed10000)]
  0x000000001b45f800 JavaThread "stderr" [_thread_in_native, id=4000, stack(0x000000002eb10000,0x000000002ec10000)]
  0x000000001b466800 JavaThread "stdout" [_thread_in_native, id=14512, stack(0x000000002e8f0000,0x000000002e9f0000)]
  0x000000001b465800 JavaThread "stderr" [_thread_in_native, id=10912, stack(0x000000002e7f0000,0x000000002e8f0000)]
  0x000000001b465000 JavaThread "stdout" [_thread_in_native, id=8436, stack(0x000000002e6f0000,0x000000002e7f0000)]
  0x000000001b45d000 JavaThread "stderr" [_thread_in_native, id=13820, stack(0x000000002e5f0000,0x000000002e6f0000)]
  0x000000001b461000 JavaThread "pool-5-thread-1" [_thread_blocked, id=9096, stack(0x000000002e2f0000,0x000000002e3f0000)]
  0x000000001b45e000 JavaThread "WorkerExecutor Queue Thread 4" [_thread_blocked, id=14544, stack(0x000000002dbf0000,0x000000002dcf0000)]
  0x000000001b462000 JavaThread "WorkerExecutor Queue Thread 3" [_thread_blocked, id=14344, stack(0x000000002daf0000,0x000000002dbf0000)]
  0x000000001b463800 JavaThread "WorkerExecutor Queue Thread 2" [_thread_blocked, id=9788, stack(0x000000002d9f0000,0x000000002daf0000)]
  0x000000001b45c800 JavaThread "WorkerExecutor Queue" [_thread_blocked, id=14676, stack(0x000000002d8f0000,0x000000002d9f0000)]
  0x000000001b489000 JavaThread "Cache worker for execution history cache (C:\Users\Owner\Pmuz\android\.gradle\6.7\executionHistory)" [_thread_blocked, id=10096, stack(0x000000002d680000,0x000000002d780000)]
  0x000000001b48b000 JavaThread "Execution worker for ':' Thread 3" [_thread_blocked, id=5936, stack(0x000000002d580000,0x000000002d680000)]
  0x000000001b488000 JavaThread "Execution worker for ':' Thread 2" [_thread_blocked, id=2412, stack(0x000000002d480000,0x000000002d580000)]
  0x000000001b489800 JavaThread "Execution worker for ':'" [_thread_in_native, id=7916, stack(0x000000002d380000,0x000000002d480000)]
  0x000000001b487800 JavaThread "jar transforms Thread 351" [_thread_blocked, id=9596, stack(0x000000002d280000,0x000000002d380000)]
  0x000000001b48a800 JavaThread "jar transforms Thread 350" [_thread_blocked, id=13816, stack(0x000000002d180000,0x000000002d280000)]
  0x000000001b47f800 JavaThread "jar transforms Thread 349" [_thread_blocked, id=5416, stack(0x000000002d080000,0x000000002d180000)]
  0x000000001b486800 JavaThread "jar transforms Thread 348" [_thread_blocked, id=8840, stack(0x000000002cf80000,0x000000002d080000)]
  0x000000001b47e800 JavaThread "jar transforms Thread 347" [_thread_blocked, id=12628, stack(0x000000002ce80000,0x000000002cf80000)]
  0x000000001b485800 JavaThread "jar transforms Thread 346" [_thread_blocked, id=11192, stack(0x000000002b2f0000,0x000000002b3f0000)]
  0x000000001b485000 JavaThread "jar transforms Thread 345" [_thread_blocked, id=12332, stack(0x000000002b1f0000,0x000000002b2f0000)]
  0x000000001b47d000 JavaThread "jar transforms Thread 344" [_thread_blocked, id=14560, stack(0x000000002b0f0000,0x000000002b1f0000)]
  0x000000001b484000 JavaThread "jar transforms Thread 343" [_thread_blocked, id=1588, stack(0x000000002aff0000,0x000000002b0f0000)]
  0x000000001b481000 JavaThread "jar transforms Thread 342" [_thread_blocked, id=14536, stack(0x000000002aef0000,0x000000002aff0000)]
  0x000000001b480000 JavaThread "jar transforms Thread 341" [_thread_blocked, id=14644, stack(0x000000002a5f0000,0x000000002a6f0000)]
  0x000000001b483800 JavaThread "jar transforms Thread 340" [_thread_blocked, id=5180, stack(0x000000002a4f0000,0x000000002a5f0000)]
  0x000000001b482800 JavaThread "jar transforms Thread 339" [_thread_blocked, id=13200, stack(0x000000002a3f0000,0x000000002a4f0000)]
  0x000000001b482000 JavaThread "jar transforms Thread 338" [_thread_blocked, id=13812, stack(0x000000002a2f0000,0x000000002a3f0000)]
  0x000000001b47e000 JavaThread "jar transforms Thread 337" [_thread_blocked, id=3668, stack(0x000000002a1f0000,0x000000002a2f0000)]
  0x000000001b47c800 JavaThread "jar transforms Thread 336" [_thread_blocked, id=13016, stack(0x0000000029050000,0x0000000029150000)]
  0x000000001aadb800 JavaThread "jar transforms Thread 335" [_thread_blocked, id=15064, stack(0x0000000028f50000,0x0000000029050000)]
  0x000000001aadb000 JavaThread "jar transforms Thread 334" [_thread_blocked, id=14200, stack(0x0000000028e50000,0x0000000028f50000)]
  0x000000001aada000 JavaThread "jar transforms Thread 333" [_thread_blocked, id=13292, stack(0x0000000028d50000,0x0000000028e50000)]
  0x000000001aadc800 JavaThread "jar transforms Thread 332" [_thread_blocked, id=14796, stack(0x0000000028c50000,0x0000000028d50000)]
  0x000000001aad9800 JavaThread "jar transforms Thread 331" [_thread_blocked, id=5424, stack(0x0000000028b50000,0x0000000028c50000)]
  0x000000001aad8800 JavaThread "jar transforms Thread 330" [_thread_blocked, id=14548, stack(0x0000000028650000,0x0000000028750000)]
  0x000000001aad0800 JavaThread "jar transforms Thread 329" [_thread_blocked, id=14332, stack(0x0000000028550000,0x0000000028650000)]
  0x000000001aad8000 JavaThread "jar transforms Thread 328" [_thread_blocked, id=13384, stack(0x0000000028450000,0x0000000028550000)]
  0x000000001aad3000 JavaThread "jar transforms Thread 327" [_thread_blocked, id=9572, stack(0x0000000028350000,0x0000000028450000)]
  0x000000001aad6000 JavaThread "jar transforms Thread 326" [_thread_blocked, id=15072, stack(0x0000000028250000,0x0000000028350000)]
  0x000000001aad7000 JavaThread "jar transforms Thread 325" [_thread_blocked, id=10112, stack(0x0000000028150000,0x0000000028250000)]
  0x000000001aad0000 JavaThread "jar transforms Thread 324" [_thread_blocked, id=15304, stack(0x0000000028050000,0x0000000028150000)]
  0x000000001aacf000 JavaThread "jar transforms Thread 323" [_thread_blocked, id=14868, stack(0x0000000027f50000,0x0000000028050000)]
  0x000000001aad4000 JavaThread "jar transforms Thread 322" [_thread_blocked, id=15308, stack(0x0000000027e50000,0x0000000027f50000)]
  0x000000001aad5800 JavaThread "jar transforms Thread 321" [_thread_blocked, id=4132, stack(0x0000000027d50000,0x0000000027e50000)]
  0x000000001aad4800 JavaThread "jar transforms Thread 320" [_thread_blocked, id=3252, stack(0x0000000027c50000,0x0000000027d50000)]
  0x000000001aace800 JavaThread "jar transforms Thread 319" [_thread_blocked, id=13932, stack(0x0000000027b50000,0x0000000027c50000)]
  0x000000001aacd800 JavaThread "jar transforms Thread 318" [_thread_blocked, id=13548, stack(0x0000000027a50000,0x0000000027b50000)]
  0x000000001aad2800 JavaThread "jar transforms Thread 317" [_thread_blocked, id=14824, stack(0x0000000027950000,0x0000000027a50000)]
  0x000000001aad1800 JavaThread "jar transforms Thread 316" [_thread_blocked, id=14788, stack(0x0000000027850000,0x0000000027950000)]
  0x0000000025d02800 JavaThread "jar transforms Thread 315" [_thread_blocked, id=15056, stack(0x0000000027750000,0x0000000027850000)]
  0x0000000025d02000 JavaThread "jar transforms Thread 314" [_thread_blocked, id=14948, stack(0x0000000000860000,0x0000000000960000)]
  0x0000000025cfe800 JavaThread "jar transforms Thread 313" [_thread_blocked, id=15068, stack(0x0000000027250000,0x0000000027350000)]
  0x0000000025d04000 JavaThread "jar transforms Thread 312" [_thread_blocked, id=14996, stack(0x0000000027150000,0x0000000027250000)]
  0x0000000025d01000 JavaThread "jar transforms Thread 311" [_thread_blocked, id=14992, stack(0x0000000027050000,0x0000000027150000)]
  0x0000000025d00000 JavaThread "jar transforms Thread 310" [_thread_blocked, id=9244, stack(0x0000000026c80000,0x0000000026d80000)]
  0x0000000025cff800 JavaThread "jar transforms Thread 309" [_thread_blocked, id=14648, stack(0x0000000026b80000,0x0000000026c80000)]
  0x0000000025cf7000 JavaThread "jar transforms Thread 308" [_thread_blocked, id=3148, stack(0x0000000026a80000,0x0000000026b80000)]
  0x0000000025cfe000 JavaThread "jar transforms Thread 307" [_thread_blocked, id=9408, stack(0x0000000026980000,0x0000000026a80000)]
  0x0000000025cfd000 JavaThread "jar transforms Thread 306" [_thread_blocked, id=5684, stack(0x0000000025600000,0x0000000025700000)]
  0x0000000025cfa000 JavaThread "jar transforms Thread 305" [_thread_blocked, id=8252, stack(0x0000000025500000,0x0000000025600000)]
  0x0000000025cf7800 JavaThread "jar transforms Thread 304" [_thread_blocked, id=2956, stack(0x0000000024500000,0x0000000024600000)]
  0x0000000025cfc800 JavaThread "jar transforms Thread 303" [_thread_blocked, id=13120, stack(0x0000000024400000,0x0000000024500000)]
  0x0000000025cf6000 JavaThread "jar transforms Thread 302" [_thread_blocked, id=4628, stack(0x0000000024300000,0x0000000024400000)]
  0x0000000025cf8800 JavaThread "jar transforms Thread 301" [_thread_blocked, id=2340, stack(0x0000000024200000,0x0000000024300000)]
  0x0000000025cf9000 JavaThread "jar transforms Thread 300" [_thread_blocked, id=2824, stack(0x0000000024100000,0x0000000024200000)]
  0x0000000025cf5800 JavaThread "jar transforms Thread 299" [_thread_blocked, id=8568, stack(0x0000000024000000,0x0000000024100000)]
  0x0000000025cfb800 JavaThread "jar transforms Thread 298" [_thread_blocked, id=7320, stack(0x0000000023f00000,0x0000000024000000)]
  0x0000000025cfb000 JavaThread "jar transforms Thread 297" [_thread_blocked, id=13124, stack(0x0000000023e00000,0x0000000023f00000)]
  0x000000001c6d0000 JavaThread "jar transforms Thread 296" [_thread_blocked, id=12660, stack(0x0000000023d00000,0x0000000023e00000)]
  0x000000001c6cf000 JavaThread "jar transforms Thread 295" [_thread_blocked, id=3620, stack(0x0000000023c00000,0x0000000023d00000)]
  0x000000001c6ce800 JavaThread "jar transforms Thread 294" [_thread_blocked, id=13852, stack(0x0000000023b00000,0x0000000023c00000)]
  0x000000001c6c6800 JavaThread "jar transforms Thread 293" [_thread_blocked, id=3500, stack(0x0000000023a00000,0x0000000023b00000)]
  0x000000001c6cc000 JavaThread "jar transforms Thread 292" [_thread_blocked, id=14180, stack(0x0000000023900000,0x0000000023a00000)]
  0x000000001c6cb000 JavaThread "jar transforms Thread 291" [_thread_blocked, id=13996, stack(0x0000000023800000,0x0000000023900000)]
  0x000000001c6ca800 JavaThread "jar transforms Thread 290" [_thread_blocked, id=232, stack(0x0000000023700000,0x0000000023800000)]
  0x000000001c6c9800 JavaThread "jar transforms Thread 289" [_thread_blocked, id=308, stack(0x0000000023600000,0x0000000023700000)]
  0x000000001c6cd000 JavaThread "jar transforms Thread 288" [_thread_blocked, id=3628, stack(0x0000000023500000,0x0000000023600000)]
  0x000000001c6c9000 JavaThread "jar transforms Thread 287" [_thread_blocked, id=12188, stack(0x0000000023400000,0x0000000023500000)]
  0x000000001c6cd800 JavaThread "jar transforms Thread 286" [_thread_blocked, id=9240, stack(0x0000000023300000,0x0000000023400000)]
  0x000000001c6c1000 JavaThread "jar transforms Thread 285" [_thread_blocked, id=1400, stack(0x0000000023100000,0x0000000023200000)]
  0x000000001c6c5000 JavaThread "jar transforms Thread 284" [_thread_blocked, id=15052, stack(0x0000000023000000,0x0000000023100000)]
  0x000000001c6c5800 JavaThread "jar transforms Thread 283" [_thread_blocked, id=11360, stack(0x0000000022f00000,0x0000000023000000)]
  0x000000001c6c8000 JavaThread "jar transforms Thread 282" [_thread_blocked, id=15004, stack(0x0000000022e00000,0x0000000022f00000)]
  0x000000001c6c4000 JavaThread "jar transforms Thread 281" [_thread_blocked, id=15036, stack(0x0000000022d00000,0x0000000022e00000)]
  0x000000001c6c2800 JavaThread "jar transforms Thread 280" [_thread_blocked, id=15024, stack(0x0000000022c00000,0x0000000022d00000)]
  0x000000001c6c2000 JavaThread "jar transforms Thread 279" [_thread_blocked, id=15028, stack(0x0000000022b00000,0x0000000022c00000)]
  0x000000001c6c3800 JavaThread "jar transforms Thread 278" [_thread_blocked, id=15008, stack(0x0000000022a00000,0x0000000022b00000)]
  0x000000001c6c7800 JavaThread "jar transforms Thread 277" [_thread_blocked, id=15012, stack(0x0000000022900000,0x0000000022a00000)]
  0x0000000019bc0800 JavaThread "jar transforms Thread 276" [_thread_blocked, id=15016, stack(0x0000000022800000,0x0000000022900000)]
  0x0000000019bbf800 JavaThread "jar transforms Thread 275" [_thread_blocked, id=15020, stack(0x0000000022700000,0x0000000022800000)]
  0x0000000019bbf000 JavaThread "jar transforms Thread 274" [_thread_blocked, id=15032, stack(0x0000000022600000,0x0000000022700000)]
  0x0000000019bc1000 JavaThread "jar transforms Thread 273" [_thread_blocked, id=12884, stack(0x0000000022500000,0x0000000022600000)]
  0x0000000019bbb000 JavaThread "jar transforms Thread 272" [_thread_blocked, id=11388, stack(0x0000000022400000,0x0000000022500000)]
  0x0000000025e35800 JavaThread "jar transforms Thread 271" [_thread_blocked, id=2260, stack(0x0000000022300000,0x0000000022400000)]
  0x0000000025e32800 JavaThread "jar transforms Thread 270" [_thread_blocked, id=1924, stack(0x0000000022200000,0x0000000022300000)]
  0x0000000025e31800 JavaThread "jar transforms Thread 269" [_thread_blocked, id=3856, stack(0x0000000022100000,0x0000000022200000)]
  0x0000000025e33000 JavaThread "jar transforms Thread 268" [_thread_blocked, id=11912, stack(0x0000000022000000,0x0000000022100000)]
  0x0000000025e31000 JavaThread "jar transforms Thread 267" [_thread_blocked, id=14836, stack(0x0000000021f00000,0x0000000022000000)]
  0x0000000018824000 JavaThread "jar transforms Thread 266" [_thread_blocked, id=15044, stack(0x0000000021e00000,0x0000000021f00000)]
  0x0000000018823800 JavaThread "jar transforms Thread 265" [_thread_blocked, id=14844, stack(0x0000000021d00000,0x0000000021e00000)]
  0x0000000018822800 JavaThread "jar transforms Thread 264" [_thread_blocked, id=9124, stack(0x0000000021c00000,0x0000000021d00000)]
  0x000000001881a000 JavaThread "jar transforms Thread 263" [_thread_blocked, id=10324, stack(0x0000000021b00000,0x0000000021c00000)]
  0x0000000018821000 JavaThread "jar transforms Thread 262" [_thread_blocked, id=12008, stack(0x0000000021a00000,0x0000000021b00000)]
  0x0000000018819000 JavaThread "jar transforms Thread 261" [_thread_blocked, id=3416, stack(0x0000000021900000,0x0000000021a00000)]
  0x000000001881f800 JavaThread "jar transforms Thread 260" [_thread_blocked, id=14520, stack(0x0000000021800000,0x0000000021900000)]
  0x000000001881e000 JavaThread "jar transforms Thread 259" [_thread_blocked, id=14508, stack(0x0000000021700000,0x0000000021800000)]
  0x0000000018816000 JavaThread "jar transforms Thread 258" [_thread_blocked, id=936, stack(0x0000000021600000,0x0000000021700000)]
  0x000000001881b000 JavaThread "jar transforms Thread 257" [_thread_blocked, id=2860, stack(0x0000000021500000,0x0000000021600000)]
  0x000000001881d000 JavaThread "jar transforms Thread 256" [_thread_blocked, id=1492, stack(0x0000000021400000,0x0000000021500000)]
  0x0000000018815800 JavaThread "jar transforms Thread 255" [_thread_blocked, id=13216, stack(0x0000000021300000,0x0000000021400000)]
  0x000000001881c800 JavaThread "jar transforms Thread 254" [_thread_blocked, id=2660, stack(0x0000000021200000,0x0000000021300000)]
  0x00000000164fe000 JavaThread "jar transforms Thread 253" [_thread_blocked, id=3860, stack(0x0000000021100000,0x0000000021200000)]
  0x00000000164fd800 JavaThread "jar transforms Thread 252" [_thread_blocked, id=15316, stack(0x0000000021000000,0x0000000021100000)]
  0x00000000164fb800 JavaThread "jar transforms Thread 251" [_thread_blocked, id=13252, stack(0x0000000020f00000,0x0000000021000000)]
  0x00000000164f9800 JavaThread "jar transforms Thread 250" [_thread_blocked, id=4100, stack(0x0000000020e00000,0x0000000020f00000)]
  0x00000000164ff800 JavaThread "jar transforms Thread 249" [_thread_blocked, id=656, stack(0x0000000020d00000,0x0000000020e00000)]
  0x00000000164ff000 JavaThread "jar transforms Thread 248" [_thread_blocked, id=10368, stack(0x0000000020c00000,0x0000000020d00000)]
  0x00000000164fc800 JavaThread "jar transforms Thread 247" [_thread_blocked, id=15320, stack(0x0000000020b00000,0x0000000020c00000)]
  0x00000000164fb000 JavaThread "jar transforms Thread 246" [_thread_blocked, id=3504, stack(0x0000000020a00000,0x0000000020b00000)]
  0x00000000164fa000 JavaThread "jar transforms Thread 245" [_thread_blocked, id=1948, stack(0x0000000020900000,0x0000000020a00000)]
  0x00000000164f1800 JavaThread "jar transforms Thread 244" [_thread_blocked, id=3444, stack(0x0000000020800000,0x0000000020900000)]
  0x00000000164f5800 JavaThread "jar transforms Thread 243" [_thread_blocked, id=8720, stack(0x0000000020700000,0x0000000020800000)]
  0x00000000164f2800 JavaThread "jar transforms Thread 242" [_thread_blocked, id=11972, stack(0x0000000020600000,0x0000000020700000)]
  0x00000000164f8800 JavaThread "jar transforms Thread 241" [_thread_blocked, id=2552, stack(0x0000000020500000,0x0000000020600000)]
  0x00000000164f1000 JavaThread "jar transforms Thread 240" [_thread_blocked, id=13436, stack(0x0000000020400000,0x0000000020500000)]
  0x00000000164f4800 JavaThread "jar transforms Thread 239" [_thread_blocked, id=11724, stack(0x0000000020300000,0x0000000020400000)]
  0x0000000015620000 JavaThread "jar transforms Thread 238" [_thread_blocked, id=12408, stack(0x0000000020200000,0x0000000020300000)]
  0x000000001561f000 JavaThread "jar transforms Thread 237" [_thread_blocked, id=3076, stack(0x0000000020100000,0x0000000020200000)]
  0x000000001561e000 JavaThread "jar transforms Thread 236" [_thread_blocked, id=13824, stack(0x0000000020000000,0x0000000020100000)]
  0x000000001561b000 JavaThread "jar transforms Thread 235" [_thread_blocked, id=13508, stack(0x000000001ff00000,0x0000000020000000)]
  0x0000000015621800 JavaThread "jar transforms Thread 234" [_thread_blocked, id=3400, stack(0x000000001fe00000,0x000000001ff00000)]
  0x0000000015620800 JavaThread "jar transforms Thread 233" [_thread_blocked, id=13028, stack(0x000000001fd00000,0x000000001fe00000)]
  0x000000001561c000 JavaThread "jar transforms Thread 232" [_thread_blocked, id=1604, stack(0x000000001fc00000,0x000000001fd00000)]
  0x000000001561c800 JavaThread "jar transforms Thread 231" [_thread_blocked, id=3608, stack(0x000000001fb00000,0x000000001fc00000)]
  0x000000001561d800 JavaThread "jar transforms Thread 230" [_thread_blocked, id=8468, stack(0x000000001fa00000,0x000000001fb00000)]
  0x000000001561a800 JavaThread "jar transforms Thread 229" [_thread_blocked, id=8300, stack(0x000000001f900000,0x000000001fa00000)]
  0x0000000015612800 JavaThread "jar transforms Thread 228" [_thread_blocked, id=4700, stack(0x000000001f800000,0x000000001f900000)]
  0x0000000015619800 JavaThread "jar transforms Thread 227" [_thread_blocked, id=14364, stack(0x000000001f700000,0x000000001f800000)]
  0x0000000015618800 JavaThread "jar transforms Thread 226" [_thread_blocked, id=14252, stack(0x000000001f600000,0x000000001f700000)]
  0x0000000015617000 JavaThread "jar transforms Thread 225" [_thread_blocked, id=5992, stack(0x000000001f500000,0x000000001f600000)]
  0x0000000015613000 JavaThread "jar transforms Thread 224" [_thread_blocked, id=3356, stack(0x000000001f400000,0x000000001f500000)]
  0x0000000015616800 JavaThread "jar transforms Thread 223" [_thread_blocked, id=2668, stack(0x000000001f300000,0x000000001f400000)]
  0x0000000015615000 JavaThread "jar transforms Thread 222" [_thread_blocked, id=14208, stack(0x000000001f200000,0x000000001f300000)]
  0x0000000015614000 JavaThread "Build operations Thread 4" [_thread_blocked, id=14944, stack(0x000000001f100000,0x000000001f200000)]
  0x000000001b4c2800 JavaThread "Build operations Thread 3" [_thread_blocked, id=14924, stack(0x000000001f000000,0x000000001f100000)]
  0x000000001b4c3000 JavaThread "Build operations Thread 2" [_thread_blocked, id=14968, stack(0x000000001ecc0000,0x000000001edc0000)]
  0x000000001b4c0000 JavaThread "Build operations" [_thread_blocked, id=14804, stack(0x000000001ebc0000,0x000000001ecc0000)]
  0x000000001b4c1800 JavaThread "Cache worker for Build Output Cleanup Cache (C:\Users\Owner\Pmuz\android\.gradle\buildOutputCleanup)" [_thread_blocked, id=14792, stack(0x000000001e860000,0x000000001e960000)]
  0x000000001b4bf800 JavaThread "Cache worker for cache directory md-rule (C:\Users\Owner\.gradle\caches\6.7\md-rule)" [_thread_blocked, id=15168, stack(0x000000001e0f0000,0x000000001e1f0000)]
  0x000000001b4be800 JavaThread "Cache worker for cache directory md-supplier (C:\Users\Owner\.gradle\caches\6.7\md-supplier)" [_thread_blocked, id=13480, stack(0x000000001d4f0000,0x000000001d5f0000)]
  0x000000001b4c1000 JavaThread "Cache worker for checksums cache (C:\Users\Owner\Pmuz\android\.gradle\checksums)" [_thread_blocked, id=13512, stack(0x000000001bfb0000,0x000000001c0b0000)]
  0x000000001b4bd800 JavaThread "Cache worker for file hash cache (C:\Users\Owner\Pmuz\android\.gradle\6.7\fileHashes)" [_thread_blocked, id=9444, stack(0x000000001beb0000,0x000000001bfb0000)]
  0x000000001b4bd000 JavaThread "Thread-257" [_thread_blocked, id=5588, stack(0x000000001bdb0000,0x000000001beb0000)]
  0x000000001b4b5000 JavaThread "Stdin handler" [_thread_blocked, id=14008, stack(0x0000000018420000,0x0000000018520000)]
  0x000000001b4bb800 JavaThread "Asynchronous log dispatcher for DefaultDaemonConnection: socket connection from /127.0.0.1:54794 to /127.0.0.1:61792" [_thread_blocked, id=3904, stack(0x0000000018320000,0x0000000018420000)]
  0x000000001b4b9000 JavaThread "Daemon worker Thread 2" [_thread_blocked, id=14660, stack(0x0000000018220000,0x0000000018320000)]
  0x000000001b4ba800 JavaThread "Cancel handler" [_thread_blocked, id=5372, stack(0x0000000018120000,0x0000000018220000)]
  0x000000001b4b6800 JavaThread "Handler for socket connection from /127.0.0.1:54794 to /127.0.0.1:61792" [_thread_in_native, id=7240, stack(0x0000000017c20000,0x0000000017d20000)]
  0x000000001b4b6000 JavaThread "Daemon Thread 2" [_thread_blocked, id=12468, stack(0x0000000002300000,0x0000000002400000)]
  0x000000001b4b7800 JavaThread "Device List Monitor" [_thread_in_native, id=7748, stack(0x000000001dcf0000,0x000000001ddf0000)]
  0x000000001b4b8000 JavaThread "JdwpProxyConnection" [_thread_in_native, id=5324, stack(0x00000000177e0000,0x00000000178e0000)]
  0x000000001b4bc000 JavaThread "Monitor" [_thread_in_native, id=2940, stack(0x00000000176e0000,0x00000000177e0000)]
  0x0000000015618000 JavaThread "Memory manager" [_thread_blocked, id=1368, stack(0x0000000024c00000,0x0000000024d00000)]
  0x0000000019bbb800 JavaThread "Cache worker for file content cache (C:\Users\Owner\.gradle\caches\6.7\fileContent)" [_thread_blocked, id=2284, stack(0x000000001ddf0000,0x000000001def0000)]
  0x0000000019bba000 JavaThread "Cache worker for execution history cache (C:\Users\Owner\.gradle\caches\6.7\executionHistory)" [_thread_blocked, id=888, stack(0x000000001d5f0000,0x000000001d6f0000)]
  0x0000000019bbc800 JavaThread "Cache worker for journal cache (C:\Users\Owner\.gradle\caches\journal-1)" [_thread_blocked, id=11904, stack(0x000000001d3f0000,0x000000001d4f0000)]
  0x0000000019bbe000 JavaThread "File lock request listener" [_thread_in_native, id=12044, stack(0x000000001a8e0000,0x000000001a9e0000)]
  0x0000000019bbd800 JavaThread "Cache worker for file hash cache (C:\Users\Owner\.gradle\caches\6.7\fileHashes)" [_thread_blocked, id=12024, stack(0x000000001a7e0000,0x000000001a8e0000)]
  0x0000000015fe5000 JavaThread "Daemon periodic checks" [_thread_blocked, id=11040, stack(0x0000000017b20000,0x0000000017c20000)]
  0x0000000016d28800 JavaThread "Incoming local TCP Connector on port 54794" [_thread_in_native, id=1600, stack(0x00000000178e0000,0x00000000179e0000)]
  0x0000000016c79000 JavaThread "Daemon health stats" [_thread_blocked, id=7960, stack(0x00000000172a0000,0x00000000173a0000)]
  0x0000000015271800 JavaThread "Service Thread" daemon [_thread_blocked, id=10720, stack(0x0000000015670000,0x0000000015770000)]
  0x00000000024fe000 JavaThread "C1 CompilerThread2" daemon [_thread_blocked, id=9900, stack(0x0000000015170000,0x0000000015270000)]
  0x0000000013930000 JavaThread "C2 CompilerThread1" daemon [_thread_in_native, id=1320, stack(0x0000000015070000,0x0000000015170000)]
=>0x0000000013932800 JavaThread "C2 CompilerThread0" daemon [_thread_in_native, id=10596, stack(0x0000000014f70000,0x0000000015070000)]
  0x0000000013929800 JavaThread "Attach Listener" daemon [_thread_blocked, id=10588, stack(0x0000000014e70000,0x0000000014f70000)]
  0x0000000013928800 JavaThread "Signal Dispatcher" daemon [_thread_blocked, id=10592, stack(0x0000000014d70000,0x0000000014e70000)]
  0x00000000024f5800 JavaThread "Finalizer" daemon [_thread_blocked, id=10628, stack(0x0000000014b70000,0x0000000014c70000)]
  0x0000000013909000 JavaThread "Reference Handler" daemon [_thread_blocked, id=8256, stack(0x0000000014a70000,0x0000000014b70000)]
  0x00000000021ce800 JavaThread "main" [_thread_blocked, id=6148, stack(0x0000000002200000,0x0000000002300000)]

Other Threads:
  0x00000000138e7800 VMThread [stack: 0x0000000014970000,0x0000000014a70000] [id=788]
  0x0000000015272000 WatcherThread [stack: 0x0000000015770000,0x0000000015870000] [id=10796]

VM state:not at safepoint (normal execution)

VM Mutex/Monitor currently owned by a thread: None

heap address: 0x00000000e0000000, size: 512 MB, Compressed Oops mode: 32-bit
Narrow klass base: 0x0000000000000000, Narrow klass shift: 3
Compressed class space size: 1073741824 Address: 0x0000000100000000

Heap:
 PSYoungGen      total 145920K, used 87387K [0x00000000f5580000, 0x00000000fff00000, 0x0000000100000000)
  eden space 120320K, 59% used [0x00000000f5580000,0x00000000f9b63898,0x00000000fcb00000)
  from space 25600K, 61% used [0x00000000fcb00000,0x00000000fda73458,0x00000000fe400000)
  to   space 25088K, 0% used [0x00000000fe680000,0x00000000fe680000,0x00000000fff00000)
 ParOldGen       total 247808K, used 93709K [0x00000000e0000000, 0x00000000ef200000, 0x00000000f5580000)
  object space 247808K, 37% used [0x00000000e0000000,0x00000000e5b83410,0x00000000ef200000)
 Metaspace       used 95225K, capacity 102400K, committed 102784K, reserved 1138688K
  class space    used 12644K, capacity 14110K, committed 14208K, reserved 1048576K

Card table byte_map: [0x00000000118c0000,0x00000000119d0000] byte_map_base: 0x00000000111c0000

Marking Bits: (ParMarkBitMap*) 0x00000000586f3420
 Begin Bits: [0x0000000011e80000, 0x0000000012680000)
 End Bits:   [0x0000000012680000, 0x0000000012e80000)

Polling page: 0x0000000000750000

CodeCache: size=245760Kb used=52422Kb max_used=52458Kb free=193337Kb
 bounds [0x0000000002500000, 0x0000000005890000, 0x0000000011500000]
 total_blobs=16476 nmethods=15614 adapters=773
 compilation: enabled

Compilation events (10 events):
Event: 5674.991 Thread 0x0000000013932800 nmethod 18968 0x0000000005859a10 code [0x0000000005859c20, 0x000000000585ad90]
Event: 5674.991 Thread 0x0000000013932800 18947       4       java.io.ObjectInputStream$BlockDataInputStream::peek (55 bytes)
Event: 5674.998 Thread 0x0000000013932800 nmethod 18947 0x0000000003247810 code [0x0000000003247960, 0x0000000003247c98]
Event: 5674.998 Thread 0x0000000013932800 18950   !   4       java.io.ObjectInputStream::readObject0 (671 bytes)
Event: 5675.011 Thread 0x00000000024fe000 18976       3       java.io.ObjectStreamClass::getField (84 bytes)
Event: 5675.012 Thread 0x00000000024fe000 nmethod 18976 0x0000000003350bd0 code [0x0000000003350dc0, 0x00000000033516b8]
Event: 5675.056 Thread 0x00000000024fe000 18977       1       org.gradle.api.internal.artifacts.transform.DefaultExecutionGraphDependenciesResolver::access$000 (5 bytes)
Event: 5675.056 Thread 0x00000000024fe000 nmethod 18977 0x0000000005857590 code [0x00000000058576e0, 0x00000000058577d0]
Event: 5675.559 Thread 0x00000000024fe000 18978       3       org.gradle.execution.plan.DefaultExecutionPlan::hasNodeWithOverlappingMutations (75 bytes)
Event: 5675.561 Thread 0x00000000024fe000 nmethod 18978 0x0000000003355290 code [0x00000000033554a0, 0x0000000003355fb8]

GC Heap History (10 events):
Event: 5648.907 GC heap before
{Heap before GC invocations=25 (full 3):
 PSYoungGen      total 129024K, used 37447K [0x00000000f5580000, 0x00000000ffb00000, 0x0000000100000000)
  eden space 114176K, 20% used [0x00000000f5580000,0x00000000f6bed808,0x00000000fc500000)
  from space 14848K, 97% used [0x00000000fc780000,0x00000000fd5a46d8,0x00000000fd600000)
  to   space 27648K, 0% used [0x00000000fe000000,0x00000000fe000000,0x00000000ffb00000)
 ParOldGen       total 199168K, used 121005K [0x00000000e0000000, 0x00000000ec280000, 0x00000000f5580000)
  object space 199168K, 60% used [0x00000000e0000000,0x00000000e762b538,0x00000000ec280000)
 Metaspace       used 91203K, capacity 98350K, committed 98560K, reserved 1134592K
  class space    used 12318K, capacity 13829K, committed 13952K, reserved 1048576K
Event: 5649.187 GC heap after
Heap after GC invocations=25 (full 3):
 PSYoungGen      total 142848K, used 14838K [0x00000000f5580000, 0x0000000100000000, 0x0000000100000000)
  eden space 115200K, 0% used [0x00000000f5580000,0x00000000f5580000,0x00000000fc600000)
  from space 27648K, 53% used [0x00000000fe000000,0x00000000fee7da80,0x00000000ffb00000)
  to   space 26624K, 0% used [0x00000000fc600000,0x00000000fc600000,0x00000000fe000000)
 ParOldGen       total 199168K, used 121013K [0x00000000e0000000, 0x00000000ec280000, 0x00000000f5580000)
  object space 199168K, 60% used [0x00000000e0000000,0x00000000e762d538,0x00000000ec280000)
 Metaspace       used 91203K, capacity 98350K, committed 98560K, reserved 1134592K
  class space    used 12318K, capacity 13829K, committed 13952K, reserved 1048576K
}
Event: 5649.187 GC heap before
{Heap before GC invocations=26 (full 4):
 PSYoungGen      total 142848K, used 14838K [0x00000000f5580000, 0x0000000100000000, 0x0000000100000000)
  eden space 115200K, 0% used [0x00000000f5580000,0x00000000f5580000,0x00000000fc600000)
  from space 27648K, 53% used [0x00000000fe000000,0x00000000fee7da80,0x00000000ffb00000)
  to   space 26624K, 0% used [0x00000000fc600000,0x00000000fc600000,0x00000000fe000000)
 ParOldGen       total 199168K, used 121013K [0x00000000e0000000, 0x00000000ec280000, 0x00000000f5580000)
  object space 199168K, 60% used [0x00000000e0000000,0x00000000e762d538,0x00000000ec280000)
 Metaspace       used 91203K, capacity 98350K, committed 98560K, reserved 1134592K
  class space    used 12318K, capacity 13829K, committed 13952K, reserved 1048576K
Event: 5651.846 GC heap after
Heap after GC invocations=26 (full 4):
 PSYoungGen      total 142848K, used 0K [0x00000000f5580000, 0x0000000100000000, 0x0000000100000000)
  eden space 115200K, 0% used [0x00000000f5580000,0x00000000f5580000,0x00000000fc600000)
  from space 27648K, 0% used [0x00000000fe000000,0x00000000fe000000,0x00000000ffb00000)
  to   space 26624K, 0% used [0x00000000fc600000,0x00000000fc600000,0x00000000fe000000)
 ParOldGen       total 247808K, used 65694K [0x00000000e0000000, 0x00000000ef200000, 0x00000000f5580000)
  object space 247808K, 26% used [0x00000000e0000000,0x00000000e4027890,0x00000000ef200000)
 Metaspace       used 90587K, capacity 97212K, committed 98560K, reserved 1134592K
  class space    used 12145K, capacity 13499K, committed 13952K, reserved 1048576K
}
Event: 5656.347 GC heap before
{Heap before GC invocations=27 (full 4):
 PSYoungGen      total 142848K, used 115200K [0x00000000f5580000, 0x0000000100000000, 0x0000000100000000)
  eden space 115200K, 100% used [0x00000000f5580000,0x00000000fc600000,0x00000000fc600000)
  from space 27648K, 0% used [0x00000000fe000000,0x00000000fe000000,0x00000000ffb00000)
  to   space 26624K, 0% used [0x00000000fc600000,0x00000000fc600000,0x00000000fe000000)
 ParOldGen       total 247808K, used 65694K [0x00000000e0000000, 0x00000000ef200000, 0x00000000f5580000)
  object space 247808K, 26% used [0x00000000e0000000,0x00000000e4027890,0x00000000ef200000)
 Metaspace       used 91468K, capacity 98424K, committed 99584K, reserved 1134592K
  class space    used 12273K, capacity 13683K, committed 13952K, reserved 1048576K
Event: 5656.413 GC heap after
Heap after GC invocations=27 (full 4):
 PSYoungGen      total 141824K, used 13257K [0x00000000f5580000, 0x00000000ffd00000, 0x0000000100000000)
  eden space 115200K, 0% used [0x00000000f5580000,0x00000000f5580000,0x00000000fc600000)
  from space 26624K, 49% used [0x00000000fc600000,0x00000000fd2f27a0,0x00000000fe000000)
  to   space 25600K, 0% used [0x00000000fe400000,0x00000000fe400000,0x00000000ffd00000)
 ParOldGen       total 247808K, used 65702K [0x00000000e0000000, 0x00000000ef200000, 0x00000000f5580000)
  object space 247808K, 26% used [0x00000000e0000000,0x00000000e4029890,0x00000000ef200000)
 Metaspace       used 91468K, capacity 98424K, committed 99584K, reserved 1134592K
  class space    used 12273K, capacity 13683K, committed 13952K, reserved 1048576K
}
Event: 5660.602 GC heap before
{Heap before GC invocations=28 (full 4):
 PSYoungGen      total 141824K, used 128457K [0x00000000f5580000, 0x00000000ffd00000, 0x0000000100000000)
  eden space 115200K, 100% used [0x00000000f5580000,0x00000000fc600000,0x00000000fc600000)
  from space 26624K, 49% used [0x00000000fc600000,0x00000000fd2f27a0,0x00000000fe000000)
  to   space 25600K, 0% used [0x00000000fe400000,0x00000000fe400000,0x00000000ffd00000)
 ParOldGen       total 247808K, used 65702K [0x00000000e0000000, 0x00000000ef200000, 0x00000000f5580000)
  object space 247808K, 26% used [0x00000000e0000000,0x00000000e4029890,0x00000000ef200000)
 Metaspace       used 93171K, capacity 100144K, committed 100864K, reserved 1136640K
  class space    used 12442K, capacity 13846K, committed 14080K, reserved 1048576K
Event: 5660.813 GC heap after
Heap after GC invocations=28 (full 4):
 PSYoungGen      total 145920K, used 17023K [0x00000000f5580000, 0x00000000fff00000, 0x0000000100000000)
  eden space 120320K, 0% used [0x00000000f5580000,0x00000000f5580000,0x00000000fcb00000)
  from space 25600K, 66% used [0x00000000fe400000,0x00000000ff49ff28,0x00000000ffd00000)
  to   space 25600K, 0% used [0x00000000fcb00000,0x00000000fcb00000,0x00000000fe400000)
 ParOldGen       total 247808K, used 78197K [0x00000000e0000000, 0x00000000ef200000, 0x00000000f5580000)
  object space 247808K, 31% used [0x00000000e0000000,0x00000000e4c5d450,0x00000000ef200000)
 Metaspace       used 93171K, capacity 100144K, committed 100864K, reserved 1136640K
  class space    used 12442K, capacity 13846K, committed 14080K, reserved 1048576K
}
Event: 5669.339 GC heap before
{Heap before GC invocations=29 (full 4):
 PSYoungGen      total 145920K, used 137343K [0x00000000f5580000, 0x00000000fff00000, 0x0000000100000000)
  eden space 120320K, 100% used [0x00000000f5580000,0x00000000fcb00000,0x00000000fcb00000)
  from space 25600K, 66% used [0x00000000fe400000,0x00000000ff49ff28,0x00000000ffd00000)
  to   space 25600K, 0% used [0x00000000fcb00000,0x00000000fcb00000,0x00000000fe400000)
 ParOldGen       total 247808K, used 78197K [0x00000000e0000000, 0x00000000ef200000, 0x00000000f5580000)
  object space 247808K, 31% used [0x00000000e0000000,0x00000000e4c5d450,0x00000000ef200000)
 Metaspace       used 94774K, capacity 101976K, committed 102272K, reserved 1136640K
  class space    used 12615K, capacity 14094K, committed 14208K, reserved 1048576K
Event: 5669.557 GC heap after
Heap after GC invocations=29 (full 4):
 PSYoungGen      total 145920K, used 15821K [0x00000000f5580000, 0x00000000fff00000, 0x0000000100000000)
  eden space 120320K, 0% used [0x00000000f5580000,0x00000000f5580000,0x00000000fcb00000)
  from space 25600K, 61% used [0x00000000fcb00000,0x00000000fda73458,0x00000000fe400000)
  to   space 25088K, 0% used [0x00000000fe680000,0x00000000fe680000,0x00000000fff00000)
 ParOldGen       total 247808K, used 93709K [0x00000000e0000000, 0x00000000ef200000, 0x00000000f5580000)
  object space 247808K, 37% used [0x00000000e0000000,0x00000000e5b83410,0x00000000ef200000)
 Metaspace       used 94774K, capacity 101976K, committed 102272K, reserved 1136640K
  class space    used 12615K, capacity 14094K, committed 14208K, reserved 1048576K
}

Deoptimization events (10 events):
Event: 5673.108 Thread 0x000000001b4b9000 Uncommon trap: reason=bimorphic action=maybe_recompile pc=0x000000000572f78c method=com.sun.org.apache.xerces.internal.dom.ParentNode.checkNormalizationAfterInsert(Lcom/sun/org/apache/xerces/internal/dom/ChildNode;)V @ 23
Event: 5673.108 Thread 0x000000001b4b9000 Uncommon trap: reason=bimorphic action=maybe_recompile pc=0x000000000572f78c method=com.sun.org.apache.xerces.internal.dom.ParentNode.checkNormalizationAfterInsert(Lcom/sun/org/apache/xerces/internal/dom/ChildNode;)V @ 23
Event: 5673.108 Thread 0x000000001b4b9000 Uncommon trap: reason=bimorphic action=maybe_recompile pc=0x000000000572f78c method=com.sun.org.apache.xerces.internal.dom.ParentNode.checkNormalizationAfterInsert(Lcom/sun/org/apache/xerces/internal/dom/ChildNode;)V @ 23
Event: 5673.125 Thread 0x000000001b4b9000 Uncommon trap: reason=class_check action=maybe_recompile pc=0x0000000003c13588 method=com.sun.org.apache.xerces.internal.dom.ElementImpl.getAttributes()Lorg/w3c/dom/NamedNodeMap; @ 8
Event: 5673.157 Thread 0x000000001b4b9000 Uncommon trap: reason=class_check action=maybe_recompile pc=0x0000000003c13588 method=com.sun.org.apache.xerces.internal.dom.ElementImpl.getAttributes()Lorg/w3c/dom/NamedNodeMap; @ 8
Event: 5673.157 Thread 0x000000001b4b9000 Uncommon trap: reason=class_check action=maybe_recompile pc=0x0000000003c13588 method=com.sun.org.apache.xerces.internal.dom.ElementImpl.getAttributes()Lorg/w3c/dom/NamedNodeMap; @ 8
Event: 5673.158 Thread 0x000000001b4b9000 Uncommon trap: reason=class_check action=maybe_recompile pc=0x0000000003c13588 method=com.sun.org.apache.xerces.internal.dom.ElementImpl.getAttributes()Lorg/w3c/dom/NamedNodeMap; @ 8
Event: 5674.500 Thread 0x000000001b45c800 Uncommon trap: reason=unstable_if action=reinterpret pc=0x0000000004f38258 method=org.gradle.internal.operations.DefaultBuildOperationExecutor$ListenerAdapter.stop(Lorg/gradle/internal/operations/BuildOperationDescriptor;Lorg/gradle/internal/operations/Bu
Event: 5674.500 Thread 0x000000001b463800 Uncommon trap: reason=unstable_if action=reinterpret pc=0x0000000004f34b68 method=org.gradle.internal.operations.DefaultBuildOperationExecutor$ListenerAdapter.stop(Lorg/gradle/internal/operations/BuildOperationDescriptor;Lorg/gradle/internal/operations/Bu
Event: 5674.501 Thread 0x000000001b462800 Uncommon trap: reason=unstable_if action=reinterpret pc=0x00000000052b5290 method=java.util.concurrent.locks.AbstractQueuedSynchronizer$ConditionObject.awaitNanos(J)J @ 89

Classes redefined (0 events):
No events

Internal exceptions (10 events):
Event: 5671.664 Thread 0x000000001b4b9000 Implicit null exception at 0x0000000004b6fbf2 to 0x0000000004b702e1
Event: 5673.692 Thread 0x000000001b4b9000 Exception <a 'java/lang/NoSuchMethodError': <clinit>> (0x00000000f8c4e1e0) thrown at [C:\cygwin64\tmp\build\source\java-1.8.0-openjdk\tmp\jdk8u\hotspot\src\share\vm\prims\jni.cpp, line 1616]
Event: 5673.695 Thread 0x000000001b4b9000 Exception <a 'java/lang/NoSuchMethodError': <clinit>> (0x00000000f8c62260) thrown at [C:\cygwin64\tmp\build\source\java-1.8.0-openjdk\tmp\jdk8u\hotspot\src\share\vm\prims\jni.cpp, line 1616]
Event: 5673.704 Thread 0x000000001b4b9000 Exception <a 'java/lang/NoSuchMethodError': <clinit>> (0x00000000f8c870d0) thrown at [C:\cygwin64\tmp\build\source\java-1.8.0-openjdk\tmp\jdk8u\hotspot\src\share\vm\prims\jni.cpp, line 1616]
Event: 5673.712 Thread 0x000000001b4b9000 Exception <a 'java/lang/NoSuchMethodError': <clinit>> (0x00000000f91a90c8) thrown at [C:\cygwin64\tmp\build\source\java-1.8.0-openjdk\tmp\jdk8u\hotspot\src\share\vm\prims\jni.cpp, line 1616]
Event: 5674.499 Thread 0x000000001b463800 Exception <a 'java/io/IOException'> (0x00000000f97a7b70) thrown at [C:\cygwin64\tmp\build\source\java-1.8.0-openjdk\tmp\jdk8u\hotspot\src\share\vm\prims\jni.cpp, line 711]
Event: 5674.500 Thread 0x000000001b45c800 Exception <a 'java/io/IOException'> (0x00000000f94fe2b8) thrown at [C:\cygwin64\tmp\build\source\java-1.8.0-openjdk\tmp\jdk8u\hotspot\src\share\vm\prims\jni.cpp, line 711]
Event: 5674.500 Thread 0x000000001b462000 Exception <a 'java/io/IOException'> (0x00000000f97a2790) thrown at [C:\cygwin64\tmp\build\source\java-1.8.0-openjdk\tmp\jdk8u\hotspot\src\share\vm\prims\jni.cpp, line 711]
Event: 5674.500 Thread 0x000000001b45e000 Exception <a 'java/io/IOException'> (0x00000000f94d1ae8) thrown at [C:\cygwin64\tmp\build\source\java-1.8.0-openjdk\tmp\jdk8u\hotspot\src\share\vm\prims\jni.cpp, line 711]
Event: 5675.558 Thread 0x000000001b463800 Exception <a 'java/io/IOException'> (0x00000000f98b6ba8) thrown at [C:\cygwin64\tmp\build\source\java-1.8.0-openjdk\tmp\jdk8u\hotspot\src\share\vm\prims\jni.cpp, line 711]

Events (10 events):
Event: 5675.554 Executing VM operation: RevokeBias
Event: 5675.555 Executing VM operation: RevokeBias done
Event: 5675.555 Executing VM operation: RevokeBias
Event: 5675.556 Executing VM operation: RevokeBias done
Event: 5675.556 Executing VM operation: RevokeBias
Event: 5675.557 Executing coalesced safepoint VM operation: RevokeBias
Event: 5675.557 Executing coalesced safepoint VM operation: RevokeBias done
Event: 5675.557 Executing VM operation: RevokeBias done
Event: 5675.558 Thread 0x000000001b462800 Thread exited: 0x000000001b462800
Event: 5675.558 Thread 0x000000001b464000 Thread exited: 0x000000001b464000


Dynamic libraries:
0x00007ff6d5070000 - 0x00007ff6d50a5000 	C:\Program Files\OpenJDK\openjdk-8u282-b08\bin\java.exe
0x00007ffdc9a90000 - 0x00007ffdc9c85000 	C:\WINDOWS\SYSTEM32\ntdll.dll
0x00007ffd9df60000 - 0x00007ffd9df76000 	C:\Program Files\AVAST Software\Avast\aswhook.dll
0x00007ffdc8db0000 - 0x00007ffdc8e6e000 	C:\WINDOWS\System32\KERNEL32.DLL
0x00007ffdc76d0000 - 0x00007ffdc7999000 	C:\WINDOWS\System32\KERNELBASE.dll
0x00007ffdc84d0000 - 0x00007ffdc857c000 	C:\WINDOWS\System32\ADVAPI32.dll
0x00007ffdc7bd0000 - 0x00007ffdc7c6e000 	C:\WINDOWS\System32\msvcrt.dll
0x00007ffdc7c70000 - 0x00007ffdc7d0b000 	C:\WINDOWS\System32\sechost.dll
0x00007ffdc83a0000 - 0x00007ffdc84ca000 	C:\WINDOWS\System32\RPCRT4.dll
0x00007ffdc90b0000 - 0x00007ffdc9251000 	C:\WINDOWS\System32\USER32.dll
0x00007ffdc71b0000 - 0x00007ffdc71d2000 	C:\WINDOWS\System32\win32u.dll
0x00007ffdc9000000 - 0x00007ffdc902b000 	C:\WINDOWS\System32\GDI32.dll
0x00007ffdc79a0000 - 0x00007ffdc7aab000 	C:\WINDOWS\System32\gdi32full.dll
0x00007ffdc7340000 - 0x00007ffdc73dd000 	C:\WINDOWS\System32\msvcp_win.dll
0x00007ffdc71e0000 - 0x00007ffdc72e0000 	C:\WINDOWS\System32\ucrtbase.dll
0x00007ffdb7660000 - 0x00007ffdb78fa000 	C:\WINDOWS\WinSxS\amd64_microsoft.windows.common-controls_6595b64144ccf1df_6.0.19041.1110_none_60b5254171f9507e\COMCTL32.dll
0x00007ffdc8370000 - 0x00007ffdc83a0000 	C:\WINDOWS\System32\IMM32.DLL
0x0000000058780000 - 0x0000000058852000 	C:\Program Files\OpenJDK\openjdk-8u282-b08\jre\bin\msvcr100.dll
0x0000000057ee0000 - 0x0000000058775000 	C:\Program Files\OpenJDK\openjdk-8u282-b08\jre\bin\server\jvm.dll
0x00007ffdc7d70000 - 0x00007ffdc7d78000 	C:\WINDOWS\System32\PSAPI.DLL
0x00007ffdb5730000 - 0x00007ffdb5739000 	C:\WINDOWS\SYSTEM32\WSOCK32.dll
0x00007ffdc8e70000 - 0x00007ffdc8edb000 	C:\WINDOWS\System32\WS2_32.dll
0x00007ffd9ddb0000 - 0x00007ffd9ddd7000 	C:\WINDOWS\SYSTEM32\WINMM.dll
0x00007ffdbd7d0000 - 0x00007ffdbd7da000 	C:\WINDOWS\SYSTEM32\VERSION.dll
0x00007ffdb8e90000 - 0x00007ffdb8e9f000 	C:\Program Files\OpenJDK\openjdk-8u282-b08\jre\bin\verify.dll
0x00007ffdb6510000 - 0x00007ffdb6539000 	C:\Program Files\OpenJDK\openjdk-8u282-b08\jre\bin\java.dll
0x00007ffdb64f0000 - 0x00007ffdb6506000 	C:\Program Files\OpenJDK\openjdk-8u282-b08\jre\bin\zip.dll
0x00007ffdc9310000 - 0x00007ffdc9a4f000 	C:\WINDOWS\System32\SHELL32.dll
0x00007ffdc52b0000 - 0x00007ffdc5a40000 	C:\WINDOWS\SYSTEM32\windows.storage.dll
0x00007ffdc8770000 - 0x00007ffdc8ac5000 	C:\WINDOWS\System32\combase.dll
0x00007ffdc6b30000 - 0x00007ffdc6b5c000 	C:\WINDOWS\SYSTEM32\Wldp.dll
0x00007ffdc9260000 - 0x00007ffdc930d000 	C:\WINDOWS\System32\SHCORE.dll
0x00007ffdc8d50000 - 0x00007ffdc8da5000 	C:\WINDOWS\System32\shlwapi.dll
0x00007ffdc70f0000 - 0x00007ffdc710f000 	C:\WINDOWS\SYSTEM32\profapi.dll
0x00007ffdb64d0000 - 0x00007ffdb64eb000 	C:\Program Files\OpenJDK\openjdk-8u282-b08\jre\bin\net.dll
0x00007ffdc6890000 - 0x00007ffdc68fa000 	C:\WINDOWS\system32\mswsock.dll
0x00007ffdb64b0000 - 0x00007ffdb64c2000 	C:\Program Files\OpenJDK\openjdk-8u282-b08\jre\bin\nio.dll
0x00007ffdb6480000 - 0x00007ffdb64a6000 	C:\Users\Owner\.gradle\native\fdc75f09e3144964f2cf3f50f0aa648679c211496f362492102eb8c894070792\windows-amd64\native-platform.dll
0x00007ffdb62e0000 - 0x00007ffdb6471000 	C:\Users\Owner\.gradle\native\12488b8bf47d2d4c9fbf2f6322a914ad602e24e48041cd04a747c6da556b65c4\windows-amd64\native-platform-file-events.dll
0x00007ffdb8e80000 - 0x00007ffdb8e8d000 	C:\Program Files\OpenJDK\openjdk-8u282-b08\jre\bin\management.dll
0x00007ffdc6a80000 - 0x00007ffdc6a98000 	C:\WINDOWS\SYSTEM32\CRYPTSP.dll
0x00007ffdc6210000 - 0x00007ffdc6244000 	C:\WINDOWS\system32\rsaenh.dll
0x00007ffdc7ab0000 - 0x00007ffdc7ad7000 	C:\WINDOWS\System32\bcrypt.dll
0x00007ffdc7070000 - 0x00007ffdc709e000 	C:\WINDOWS\SYSTEM32\USERENV.dll
0x00007ffdc7430000 - 0x00007ffdc74b3000 	C:\WINDOWS\System32\bcryptprimitives.dll
0x00007ffdc6aa0000 - 0x00007ffdc6aac000 	C:\WINDOWS\SYSTEM32\CRYPTBASE.dll
0x00007ffdc6580000 - 0x00007ffdc65bb000 	C:\WINDOWS\SYSTEM32\IPHLPAPI.DLL
0x00007ffdc7ae0000 - 0x00007ffdc7ae8000 	C:\WINDOWS\System32\NSI.dll
0x00007ffdb9290000 - 0x00007ffdb92a7000 	C:\WINDOWS\SYSTEM32\dhcpcsvc6.DLL
0x00007ffdbd440000 - 0x00007ffdbd45d000 	C:\WINDOWS\SYSTEM32\dhcpcsvc.DLL
0x00007ffdc65c0000 - 0x00007ffdc668c000 	C:\WINDOWS\SYSTEM32\DNSAPI.dll
0x00007ffdbe1f0000 - 0x00007ffdbe1fb000 	C:\WINDOWS\SYSTEM32\WINNSI.DLL
0x00007ffdb5d40000 - 0x00007ffdb5d4a000 	C:\Windows\System32\rasadhlp.dll
0x00007ffdb67c0000 - 0x00007ffdb683f000 	C:\WINDOWS\System32\fwpuclnt.dll
0x00007ffdc5ea0000 - 0x00007ffdc5ed3000 	C:\WINDOWS\SYSTEM32\ntmarta.dll

VM Arguments:
jvm_args: -XX:MaxMetaspaceSize=256m -XX:+HeapDumpOnOutOfMemoryError -Xms256m -Xmx512m -Dfile.encoding=windows-1252 -Duser.country=US -Duser.language=en -Duser.variant 
java_command: org.gradle.launcher.daemon.bootstrap.GradleDaemon 6.7
java_class_path (initial): C:\Users\Owner\.gradle\wrapper\dists\gradle-6.7-all\cuy9mc7upwgwgeb72wkcrupxe\gradle-6.7\lib\gradle-launcher-6.7.jar
Launcher Type: SUN_STANDARD

Environment Variables:
JAVA_HOME=C:\Program Files\OpenJDK\openjdk-8u282-b08
CLASSPATH=C:\Users\Owner\Pmuz\android\\gradle\wrapper\gradle-wrapper.jar
PATH=C:\Users\Owner\pmuz\android\node_modules\.bin;C:\Users\Owner\pmuz\node_modules\.bin;C:\Users\Owner\node_modules\.bin;C:\Users\node_modules\.bin;C:\node_modules\.bin;C:\Program Files\nodejs;C:\Users\Owner\Downloads\WINDOWS.X64_193000_db_home\bin;C:\Program Files (x86)\Common Files\Oracle\Java\javapath;C:\WINDOWS\system32;C:\WINDOWS;C:\WINDOWS\System32\Wbem;C:\WINDOWS\System32\WindowsPowerShell\v1.0\;C:\WINDOWS\System32\OpenSSH\;C:\Program Files\Git\cmd;C:\Users\Owner\AppData\Local\Android\sdk\platform-tools;C:\ProgramData\chocolatey\bin;C:\Program Files\OpenJDK\openjdk-8u282-b08\bin;C:\Users\Owner\AppData\Local\Android\Sdk\emulator;C:\Users\Owner\AppData\Local\Android\Sdk\tools\bin;C:\Users\Owner\AppData\Local\Android\Sdk\tools;C:\Program Files\nodejs\;C:\Users\Owner\AppData\Local\Microsoft\WindowsApps;C:\Users\Owner\AppData\Local\Programs\Microsoft VS Code\bin;C:\AppServ\Apache24\bin;C:\AppServ\php7;C:\Users\Owner\AppServ\Apache24\bin;C:\Users\Owner\AppServ\php7;C:\Users\Owner\AppServ\MySQL\bin;C:\AppServ\MySQL\bin;C:\Users\Owner\AppData\Roaming\npm;C:\Program Files\heroku\bin
USERNAME=Owner
OS=Windows_NT
PROCESSOR_IDENTIFIER=Intel64 Family 6 Model 42 Stepping 7, GenuineIntel



---------------  S Y S T E M  ---------------

OS: Windows 10.0 , 64 bit Build 19041 (10.0.19041.1202)

CPU:total 4 (initial active 4) (2 cores per cpu, 2 threads per core) family 6 model 42 stepping 7, cmov, cx8, fxsr, mmx, sse, sse2, sse3, ssse3, sse4.1, sse4.2, popcnt, avx, aes, clmul, ht, tsc, tscinvbit

Memory: 4k page, physical 4138424k(280484k free), swap 8234424k(6204k free)

vm_info: OpenJDK 64-Bit Server VM (25.282-b08) for windows-amd64 JRE (1.8.0_282-b08), built on Jan 11 2021 12:17:07 by "build" with MS VC++ 10.0 (VS2010)

time: Sat Nov 13 21:38:37 2021
timezone: SA Western Standard Time
elapsed time: 5675.660416 seconds (0d 1h 34m 35s)

