#
# There is insufficient memory for the Java Runtime Environment to continue.
# Native memory allocation (malloc) failed to allocate 596528 bytes for Chunk::new
# Possible reasons:
#   The system is out of physical RAM or swap space
#   The process is running with CompressedOops enabled, and the Java Heap may be blocking the growth of the native heap
# Possible solutions:
#   Reduce memory load on the system
#   Increase physical memory or swap space
#   Check if swap backing store is full
#   Decrease Java heap size (-Xmx/-Xms)
#   Decrease number of Java threads
#   Decrease Java thread stack sizes (-Xss)
#   Set larger code cache with -XX:ReservedCodeCacheSize=
#   JVM is running with Unscaled Compressed Oops mode in which the Java heap is
#     placed in the first 4GB address space. The Java Heap base address is the
#     maximum limit for the native heap growth. Please use -XX:HeapBaseMinAddress
#     to set the Java Heap base and to place the Java Heap above 4GB virtual address.
# This output file may be truncated or incomplete.
#
#  Out of Memory Error (allocation.cpp:389), pid=10044, tid=0x0000000000002e54
#
# JRE version: OpenJDK Runtime Environment (8.0_282-b08) (build 1.8.0_282-b08)
# Java VM: OpenJDK 64-Bit Server VM (25.282-b08 mixed mode windows-amd64 compressed oops)
# Failed to write core dump. Minidumps are not enabled by default on client versions of Windows
#

---------------  T H R E A D  ---------------

Current thread (0x0000000013b8e000):  JavaThread "C2 CompilerThread0" daemon [_thread_in_native, id=11860, stack(0x00000000151d0000,0x00000000152d0000)]

Stack: [0x00000000151d0000,0x00000000152d0000]
[error occurred during error reporting (printing stack bounds), id 0xc0000005]

Native frames: (J=compiled Java code, j=interpreted, Vv=VM code, C=native code)


Current CompileTask:
C2:10454443 31445       4       com.android.tools.r8.ir.conversion.o::a (1153 bytes)


---------------  P R O C E S S  ---------------

Java Threads: ( => current thread )
  0x000000002a0a9000 JavaThread "WorkerExecutor Queue Thread 13" [_thread_blocked, id=14132, stack(0x00000000203b0000,0x00000000204b0000)]
  0x000000002a0a2800 JavaThread "RMI TCP Connection(idle)" daemon [_thread_blocked, id=6216, stack(0x00000000215a0000,0x00000000216a0000)]
  0x000000002a0a9800 JavaThread "RMI TCP Accept-0" daemon [_thread_in_native, id=8372, stack(0x0000000021ba0000,0x0000000021ca0000)]
  0x0000000029a6b000 JavaThread "WorkerExecutor Queue Thread 10" [_thread_blocked, id=11092, stack(0x00000000216a0000,0x00000000217a0000)]
  0x0000000029a64800 JavaThread "RMI Reaper" [_thread_blocked, id=12668, stack(0x00000000214a0000,0x00000000215a0000)]
  0x0000000029a5a800 JavaThread "RMI TCP Accept-0" daemon [_thread_in_native, id=2136, stack(0x00000000204b0000,0x00000000205b0000)]
  0x0000000029a4f800 JavaThread "GC Daemon" daemon [_thread_blocked, id=452, stack(0x0000000020a70000,0x0000000020b70000)]
  0x0000000029a55800 JavaThread "RMI RenewClean-[127.0.0.1:17791,org.jetbrains.kotlin.daemon.common.LoopbackNetworkInterface$ClientLoopbackSocketFactory@2277a39c]" daemon [_thread_blocked, id=2456, stack(0x0000000020970000,0x0000000020a70000)]
  0x0000000029a55000 JavaThread "RMI Scheduler(0)" daemon [_thread_blocked, id=5672, stack(0x0000000020870000,0x0000000020970000)]
  0x0000000029a50000 JavaThread "Cache worker for Java compile cache (C:\Users\Owner\Pmuz\android\.gradle\6.7\javaCompile)" [_thread_blocked, id=14320, stack(0x0000000020ba0000,0x0000000020ca0000)]
  0x0000000029a54000 JavaThread "Cache worker for Java compile cache (C:\Users\Owner\.gradle\caches\6.7\javaCompile)" [_thread_blocked, id=11692, stack(0x00000000205b0000,0x00000000206b0000)]
  0x0000000029a53800 JavaThread "WorkerExecutor Queue Thread 8" [_thread_blocked, id=9532, stack(0x0000000020770000,0x0000000020870000)]
  0x0000000029a4e800 JavaThread "WorkerExecutor Queue Thread 6" [_thread_blocked, id=1508, stack(0x00000000202b0000,0x00000000203b0000)]
  0x0000000029a59000 JavaThread "Cache worker for execution history cache (C:\Users\Owner\Pmuz\android\.gradle\6.7\executionHistory)" [_thread_blocked, id=1660, stack(0x000000002db30000,0x000000002dc30000)]
  0x0000000029a5e800 JavaThread "Execution worker for ':' Thread 3" [_thread_blocked, id=8344, stack(0x000000002da30000,0x000000002db30000)]
  0x0000000029a5d800 JavaThread "Execution worker for ':' Thread 2" [_thread_blocked, id=12160, stack(0x000000002d930000,0x000000002da30000)]
  0x0000000029a5b000 JavaThread "Execution worker for ':'" [_thread_in_native, id=12888, stack(0x000000002d830000,0x000000002d930000)]
  0x000000002a0a5000 JavaThread "Build operations Thread 4" [_thread_blocked, id=9432, stack(0x000000001ffb0000,0x00000000200b0000)]
  0x000000002a0a6000 JavaThread "Build operations Thread 3" [_thread_in_native, id=10484, stack(0x000000001fcb0000,0x000000001fdb0000)]
  0x000000002a09a000 JavaThread "Build operations Thread 2" [_thread_blocked, id=4748, stack(0x000000001fbb0000,0x000000001fcb0000)]
  0x000000002a0a1000 JavaThread "Build operations" [_thread_blocked, id=5684, stack(0x000000001fab0000,0x000000001fbb0000)]
  0x000000002a099000 JavaThread "Cache worker for Build Output Cleanup Cache (C:\Users\Owner\Pmuz\android\.gradle\buildOutputCleanup)" [_thread_blocked, id=12604, stack(0x000000001f9b0000,0x000000001fab0000)]
  0x000000002a0a0800 JavaThread "Cache worker for cache directory md-rule (C:\Users\Owner\.gradle\caches\6.7\md-rule)" [_thread_blocked, id=5096, stack(0x000000001f6b0000,0x000000001f7b0000)]
  0x000000002a098800 JavaThread "Cache worker for cache directory md-supplier (C:\Users\Owner\.gradle\caches\6.7\md-supplier)" [_thread_blocked, id=10632, stack(0x000000001c3f0000,0x000000001c4f0000)]
  0x000000002a09f800 JavaThread "Cache worker for checksums cache (C:\Users\Owner\Pmuz\android\.gradle\checksums)" [_thread_blocked, id=7948, stack(0x000000001c2f0000,0x000000001c3f0000)]
  0x000000002a09d000 JavaThread "Cache worker for file hash cache (C:\Users\Owner\Pmuz\android\.gradle\6.7\fileHashes)" [_thread_blocked, id=10896, stack(0x000000001bff0000,0x000000001c0f0000)]
  0x000000002a09e000 JavaThread "Thread-316" [_thread_blocked, id=6668, stack(0x000000001bef0000,0x000000001bff0000)]
  0x000000002a097800 JavaThread "Stdin handler" [_thread_blocked, id=8492, stack(0x0000000018680000,0x0000000018780000)]
  0x000000002a09b800 JavaThread "Asynchronous log dispatcher for DefaultDaemonConnection: socket connection from /127.0.0.1:60110 to /127.0.0.1:50547" [_thread_blocked, id=11164, stack(0x0000000018580000,0x0000000018680000)]
  0x000000002a097000 JavaThread "Daemon worker Thread 3" [_thread_in_Java, id=4488, stack(0x0000000018480000,0x0000000018580000)]
  0x000000002a096000 JavaThread "Cancel handler" [_thread_blocked, id=13040, stack(0x0000000018380000,0x0000000018480000)]
  0x000000002a09c800 JavaThread "Handler for socket connection from /127.0.0.1:60110 to /127.0.0.1:50547" [_thread_in_native, id=8864, stack(0x0000000018080000,0x0000000018180000)]
  0x000000002a09b000 JavaThread "Daemon Thread 3" [_thread_blocked, id=2468, stack(0x0000000017a40000,0x0000000017b40000)]
  0x000000001aefd800 JavaThread "Device List Monitor" [_thread_in_native, id=1464, stack(0x000000001d820000,0x000000001d920000)]
  0x000000001aefd000 JavaThread "JdwpProxyConnection" [_thread_in_native, id=5828, stack(0x0000000017940000,0x0000000017a40000)]
  0x000000001af00000 JavaThread "Monitor" [_thread_in_native, id=6188, stack(0x0000000000b80000,0x0000000000c80000)]
  0x000000001af08800 JavaThread "Memory manager" [_thread_blocked, id=556, stack(0x0000000025fb0000,0x00000000260b0000)]
  0x00000000158bd000 JavaThread "Cache worker for file content cache (C:\Users\Owner\.gradle\caches\6.7\fileContent)" [_thread_blocked, id=13476, stack(0x000000001efb0000,0x000000001f0b0000)]
  0x00000000158c1000 JavaThread "Cache worker for execution history cache (C:\Users\Owner\.gradle\caches\6.7\executionHistory)" [_thread_blocked, id=10900, stack(0x000000001c4f0000,0x000000001c5f0000)]
  0x00000000158bb800 JavaThread "Cache worker for journal cache (C:\Users\Owner\.gradle\caches\journal-1)" [_thread_blocked, id=10996, stack(0x0000000019c50000,0x0000000019d50000)]
  0x00000000158ba000 JavaThread "File lock request listener" [_thread_in_native, id=4508, stack(0x0000000019b50000,0x0000000019c50000)]
  0x00000000158be000 JavaThread "Cache worker for file hash cache (C:\Users\Owner\.gradle\caches\6.7\fileHashes)" [_thread_blocked, id=8224, stack(0x0000000019950000,0x0000000019a50000)]
  0x00000000162b1800 JavaThread "Daemon periodic checks" [_thread_blocked, id=5268, stack(0x0000000017d80000,0x0000000017e80000)]
  0x000000001648d000 JavaThread "Incoming local TCP Connector on port 60110" [_thread_in_native, id=3040, stack(0x0000000017b40000,0x0000000017c40000)]
  0x00000000156b1000 JavaThread "Daemon health stats" [_thread_blocked, id=9924, stack(0x0000000017500000,0x0000000017600000)]
  0x00000000154f1000 JavaThread "Service Thread" daemon [_thread_blocked, id=10388, stack(0x00000000158d0000,0x00000000159d0000)]
  0x0000000013b8a000 JavaThread "C1 CompilerThread2" daemon [_thread_blocked, id=4200, stack(0x00000000153d0000,0x00000000154d0000)]
  0x0000000013b89000 JavaThread "C2 CompilerThread1" daemon [_thread_in_native, id=8352, stack(0x00000000152d0000,0x00000000153d0000)]
=>0x0000000013b8e000 JavaThread "C2 CompilerThread0" daemon [_thread_in_native, id=11860, stack(0x00000000151d0000,0x00000000152d0000)]
  0x0000000013b85000 JavaThread "Attach Listener" daemon [_thread_blocked, id=12348, stack(0x00000000150d0000,0x00000000151d0000)]
  0x0000000013b83800 JavaThread "Signal Dispatcher" daemon [_thread_blocked, id=4248, stack(0x0000000014fd0000,0x00000000150d0000)]
  0x000000000280b800 JavaThread "Finalizer" daemon [_thread_blocked, id=3180, stack(0x0000000014dd0000,0x0000000014ed0000)]
  0x0000000013b69000 JavaThread "Reference Handler" daemon [_thread_blocked, id=6432, stack(0x0000000014cd0000,0x0000000014dd0000)]
  0x0000000002712800 JavaThread "main" [_thread_blocked, id=12808, stack(0x0000000002520000,0x0000000002620000)]

Other Threads:
  0x0000000013b47800 VMThread [stack: 0x0000000014bd0000,0x0000000014cd0000] [id=6928]
  0x0000000013bdc000 WatcherThread [stack: 0x00000000159d0000,0x0000000015ad0000] [id=3260]

VM state:not at safepoint (normal execution)

VM Mutex/Monitor currently owned by a thread: None

heap address: 0x00000000e0000000, size: 512 MB, Compressed Oops mode: 32-bit
Narrow klass base: 0x0000000000000000, Narrow klass shift: 3
Compressed class space size: 1073741824 Address: 0x0000000100000000

Heap:
 PSYoungGen      total 145920K, used 59766K [0x00000000f5580000, 0x00000000ffc00000, 0x0000000100000000)
  eden space 125440K, 39% used [0x00000000f5580000,0x00000000f861d828,0x00000000fd000000)
  from space 20480K, 48% used [0x00000000fe800000,0x00000000ff1c0128,0x00000000ffc00000)
  to   space 22528K, 0% used [0x00000000fd000000,0x00000000fd000000,0x00000000fe600000)
 ParOldGen       total 349696K, used 210584K [0x00000000e0000000, 0x00000000f5580000, 0x00000000f5580000)
  object space 349696K, 60% used [0x00000000e0000000,0x00000000ecda6108,0x00000000f5580000)
 Metaspace       used 127963K, capacity 137579K, committed 137856K, reserved 1169408K
  class space    used 16767K, capacity 18779K, committed 18816K, reserved 1048576K

Card table byte_map: [0x0000000011bd0000,0x0000000011ce0000] byte_map_base: 0x00000000114d0000

Marking Bits: (ParMarkBitMap*) 0x0000000069303420
 Begin Bits: [0x00000000120e0000, 0x00000000128e0000)
 End Bits:   [0x00000000128e0000, 0x00000000130e0000)

Polling page: 0x0000000000870000

CodeCache: size=245760Kb used=86783Kb max_used=86822Kb free=158976Kb
 bounds [0x0000000002810000, 0x0000000007e50000, 0x0000000011810000]
 total_blobs=25548 nmethods=24557 adapters=900
 compilation: enabled

Compilation events (10 events):
Event: 10453.955 Thread 0x0000000013b8a000 31494       2       com.android.tools.r8.t.a.a.a.h.N$c::size (8 bytes)
Event: 10453.956 Thread 0x0000000013b8a000 nmethod 31494 0x00000000077d0250 code [0x00000000077d03a0, 0x00000000077d04f0]
Event: 10453.956 Thread 0x0000000013b8a000 31496       1       com.android.tools.r8.code.b2::o (3 bytes)
Event: 10453.956 Thread 0x0000000013b8a000 nmethod 31496 0x000000000743ba90 code [0x000000000743bbe0, 0x000000000743bcf0]
Event: 10454.042 Thread 0x0000000013b89000 nmethod 30430% 0x00000000078ef4d0 code [0x00000000078f08a0, 0x00000000078f8200]
Event: 10454.044 Thread 0x0000000013b89000 31465       4       com.android.tools.r8.ir.regalloc.a::a (125 bytes)
Event: 10454.077 Thread 0x0000000013b89000 nmethod 31465 0x0000000007d8e390 code [0x0000000007d8e520, 0x0000000007d8e9e0]
Event: 10454.077 Thread 0x0000000013b89000 30957       4       java.util.Collection::removeIf (51 bytes)
Event: 10454.086 Thread 0x0000000013b89000 nmethod 30957 0x00000000045f9210 code [0x00000000045f9360, 0x00000000045f94b8]
Event: 10454.086 Thread 0x0000000013b89000 31195       4       com.android.tools.r8.ir.conversion.N::a (711 bytes)

GC Heap History (10 events):
Event: 10437.718 GC heap before
{Heap before GC invocations=55 (full 5):
 PSYoungGen      total 144384K, used 126148K [0x00000000f5580000, 0x00000000ffd80000, 0x0000000100000000)
  eden space 115200K, 100% used [0x00000000f5580000,0x00000000fc600000,0x00000000fc600000)
  from space 29184K, 37% used [0x00000000fc600000,0x00000000fd0b1238,0x00000000fe280000)
  to   space 27648K, 0% used [0x00000000fe280000,0x00000000fe280000,0x00000000ffd80000)
 ParOldGen       total 349696K, used 177203K [0x00000000e0000000, 0x00000000f5580000, 0x00000000f5580000)
  object space 349696K, 50% used [0x00000000e0000000,0x00000000ead0cdf0,0x00000000f5580000)
 Metaspace       used 127556K, capacity 137213K, committed 137344K, reserved 1167360K
  class space    used 16744K, capacity 18764K, committed 18816K, reserved 1048576K
Event: 10437.949 GC heap after
Heap after GC invocations=55 (full 5):
 PSYoungGen      total 144384K, used 6658K [0x00000000f5580000, 0x00000000ffc80000, 0x0000000100000000)
  eden space 117760K, 0% used [0x00000000f5580000,0x00000000f5580000,0x00000000fc880000)
  from space 26624K, 25% used [0x00000000fe280000,0x00000000fe900850,0x00000000ffc80000)
  to   space 26624K, 0% used [0x00000000fc880000,0x00000000fc880000,0x00000000fe280000)
 ParOldGen       total 349696K, used 182542K [0x00000000e0000000, 0x00000000f5580000, 0x00000000f5580000)
  object space 349696K, 52% used [0x00000000e0000000,0x00000000eb2438a8,0x00000000f5580000)
 Metaspace       used 127556K, capacity 137213K, committed 137344K, reserved 1167360K
  class space    used 16744K, capacity 18764K, committed 18816K, reserved 1048576K
}
Event: 10440.912 GC heap before
{Heap before GC invocations=56 (full 5):
 PSYoungGen      total 144384K, used 124418K [0x00000000f5580000, 0x00000000ffc80000, 0x0000000100000000)
  eden space 117760K, 100% used [0x00000000f5580000,0x00000000fc880000,0x00000000fc880000)
  from space 26624K, 25% used [0x00000000fe280000,0x00000000fe900850,0x00000000ffc80000)
  to   space 26624K, 0% used [0x00000000fc880000,0x00000000fc880000,0x00000000fe280000)
 ParOldGen       total 349696K, used 182542K [0x00000000e0000000, 0x00000000f5580000, 0x00000000f5580000)
  object space 349696K, 52% used [0x00000000e0000000,0x00000000eb2438a8,0x00000000f5580000)
 Metaspace       used 127707K, capacity 137293K, committed 137344K, reserved 1167360K
  class space    used 16749K, capacity 18766K, committed 18816K, reserved 1048576K
Event: 10441.349 GC heap after
Heap after GC invocations=56 (full 5):
 PSYoungGen      total 144384K, used 14389K [0x00000000f5580000, 0x0000000100000000, 0x0000000100000000)
  eden space 117760K, 0% used [0x00000000f5580000,0x00000000f5580000,0x00000000fc880000)
  from space 26624K, 54% used [0x00000000fc880000,0x00000000fd68d788,0x00000000fe280000)
  to   space 26624K, 0% used [0x00000000fe600000,0x00000000fe600000,0x0000000100000000)
 ParOldGen       total 349696K, used 186100K [0x00000000e0000000, 0x00000000f5580000, 0x00000000f5580000)
  object space 349696K, 53% used [0x00000000e0000000,0x00000000eb5bd060,0x00000000f5580000)
 Metaspace       used 127707K, capacity 137293K, committed 137344K, reserved 1167360K
  class space    used 16749K, capacity 18766K, committed 18816K, reserved 1048576K
}
Event: 10445.864 GC heap before
{Heap before GC invocations=57 (full 5):
 PSYoungGen      total 144384K, used 132149K [0x00000000f5580000, 0x0000000100000000, 0x0000000100000000)
  eden space 117760K, 100% used [0x00000000f5580000,0x00000000fc880000,0x00000000fc880000)
  from space 26624K, 54% used [0x00000000fc880000,0x00000000fd68d788,0x00000000fe280000)
  to   space 26624K, 0% used [0x00000000fe600000,0x00000000fe600000,0x0000000100000000)
 ParOldGen       total 349696K, used 186100K [0x00000000e0000000, 0x00000000f5580000, 0x00000000f5580000)
  object space 349696K, 53% used [0x00000000e0000000,0x00000000eb5bd060,0x00000000f5580000)
 Metaspace       used 127791K, capacity 137377K, committed 137600K, reserved 1167360K
  class space    used 16758K, capacity 18770K, committed 18816K, reserved 1048576K
Event: 10446.542 GC heap after
Heap after GC invocations=57 (full 5):
 PSYoungGen      total 144896K, used 9512K [0x00000000f5580000, 0x00000000ffd00000, 0x0000000100000000)
  eden space 121344K, 0% used [0x00000000f5580000,0x00000000f5580000,0x00000000fcc00000)
  from space 23552K, 40% used [0x00000000fe600000,0x00000000fef4a278,0x00000000ffd00000)
  to   space 25088K, 0% used [0x00000000fcc00000,0x00000000fcc00000,0x00000000fe480000)
 ParOldGen       total 349696K, used 198917K [0x00000000e0000000, 0x00000000f5580000, 0x00000000f5580000)
  object space 349696K, 56% used [0x00000000e0000000,0x00000000ec2414d0,0x00000000f5580000)
 Metaspace       used 127791K, capacity 137377K, committed 137600K, reserved 1167360K
  class space    used 16758K, capacity 18770K, committed 18816K, reserved 1048576K
}
Event: 10450.056 GC heap before
{Heap before GC invocations=58 (full 5):
 PSYoungGen      total 144896K, used 130856K [0x00000000f5580000, 0x00000000ffd00000, 0x0000000100000000)
  eden space 121344K, 100% used [0x00000000f5580000,0x00000000fcc00000,0x00000000fcc00000)
  from space 23552K, 40% used [0x00000000fe600000,0x00000000fef4a278,0x00000000ffd00000)
  to   space 25088K, 0% used [0x00000000fcc00000,0x00000000fcc00000,0x00000000fe480000)
 ParOldGen       total 349696K, used 198917K [0x00000000e0000000, 0x00000000f5580000, 0x00000000f5580000)
  object space 349696K, 56% used [0x00000000e0000000,0x00000000ec2414d0,0x00000000f5580000)
 Metaspace       used 127874K, capacity 137505K, committed 137600K, reserved 1167360K
  class space    used 16767K, capacity 18778K, committed 18816K, reserved 1048576K
Event: 10450.253 GC heap after
Heap after GC invocations=58 (full 5):
 PSYoungGen      total 146432K, used 8823K [0x00000000f5580000, 0x00000000fff80000, 0x0000000100000000)
  eden space 121344K, 0% used [0x00000000f5580000,0x00000000f5580000,0x00000000fcc00000)
  from space 25088K, 35% used [0x00000000fcc00000,0x00000000fd49ddb0,0x00000000fe480000)
  to   space 24064K, 0% used [0x00000000fe800000,0x00000000fe800000,0x00000000fff80000)
 ParOldGen       total 349696K, used 204405K [0x00000000e0000000, 0x00000000f5580000, 0x00000000f5580000)
  object space 349696K, 58% used [0x00000000e0000000,0x00000000ec79d4c8,0x00000000f5580000)
 Metaspace       used 127874K, capacity 137505K, committed 137600K, reserved 1167360K
  class space    used 16767K, capacity 18778K, committed 18816K, reserved 1048576K
}
Event: 10452.541 GC heap before
{Heap before GC invocations=59 (full 5):
 PSYoungGen      total 146432K, used 130167K [0x00000000f5580000, 0x00000000fff80000, 0x0000000100000000)
  eden space 121344K, 100% used [0x00000000f5580000,0x00000000fcc00000,0x00000000fcc00000)
  from space 25088K, 35% used [0x00000000fcc00000,0x00000000fd49ddb0,0x00000000fe480000)
  to   space 24064K, 0% used [0x00000000fe800000,0x00000000fe800000,0x00000000fff80000)
 ParOldGen       total 349696K, used 204405K [0x00000000e0000000, 0x00000000f5580000, 0x00000000f5580000)
  object space 349696K, 58% used [0x00000000e0000000,0x00000000ec79d4c8,0x00000000f5580000)
 Metaspace       used 127904K, capacity 137575K, committed 137856K, reserved 1169408K
  class space    used 16767K, capacity 18779K, committed 18816K, reserved 1048576K
Event: 10452.682 GC heap after
Heap after GC invocations=59 (full 5):
 PSYoungGen      total 145920K, used 9984K [0x00000000f5580000, 0x00000000ffc00000, 0x0000000100000000)
  eden space 125440K, 0% used [0x00000000f5580000,0x00000000f5580000,0x00000000fd000000)
  from space 20480K, 48% used [0x00000000fe800000,0x00000000ff1c0128,0x00000000ffc00000)
  to   space 22528K, 0% used [0x00000000fd000000,0x00000000fd000000,0x00000000fe600000)
 ParOldGen       total 349696K, used 210584K [0x00000000e0000000, 0x00000000f5580000, 0x00000000f5580000)
  object space 349696K, 60% used [0x00000000e0000000,0x00000000ecda6108,0x00000000f5580000)
 Metaspace       used 127904K, capacity 137575K, committed 137856K, reserved 1169408K
  class space    used 16767K, capacity 18779K, committed 18816K, reserved 1048576K
}

Deoptimization events (10 events):
Event: 10447.477 Thread 0x000000002a09a000 Uncommon trap: reason=class_check action=maybe_recompile pc=0x00000000039b8ab8 method=com.google.common.base.Joiner.toString(Ljava/lang/Object;)Ljava/lang/CharSequence; @ 6
Event: 10447.735 Thread 0x0000000029a5e800 Uncommon trap: reason=unstable_if action=reinterpret pc=0x0000000007711818 method=com.android.tools.r8.z.a.a.f.<init>([BIZ)V @ 362
Event: 10447.861 Thread 0x0000000029a5e800 Uncommon trap: reason=bimorphic action=maybe_recompile pc=0x0000000004854548 method=com.android.tools.r8.ir.conversion.N.a(Lcom/android/tools/r8/s/b/k0;Lcom/android/tools/r8/s/b/W0;)V @ 222
Event: 10447.862 Thread 0x0000000029a5e800 Uncommon trap: reason=bimorphic action=maybe_recompile pc=0x000000000719fd24 method=com.android.tools.r8.ir.conversion.N.a(ILcom/android/tools/r8/s/b/t1;)Lcom/android/tools/r8/s/b/q1; @ 12
Event: 10447.862 Thread 0x0000000029a5e800 Uncommon trap: reason=bimorphic action=maybe_recompile pc=0x000000000719fd24 method=com.android.tools.r8.ir.conversion.N.a(ILcom/android/tools/r8/s/b/t1;)Lcom/android/tools/r8/s/b/q1; @ 12
Event: 10447.862 Thread 0x0000000029a5e800 Uncommon trap: reason=bimorphic action=maybe_recompile pc=0x0000000004854548 method=com.android.tools.r8.ir.conversion.N.a(Lcom/android/tools/r8/s/b/k0;Lcom/android/tools/r8/s/b/W0;)V @ 222
Event: 10447.862 Thread 0x0000000029a5e800 Uncommon trap: reason=bimorphic action=maybe_recompile pc=0x000000000719fd24 method=com.android.tools.r8.ir.conversion.N.a(ILcom/android/tools/r8/s/b/t1;)Lcom/android/tools/r8/s/b/q1; @ 12
Event: 10447.862 Thread 0x0000000029a5e800 Uncommon trap: reason=bimorphic action=maybe_recompile pc=0x000000000719fd24 method=com.android.tools.r8.ir.conversion.N.a(ILcom/android/tools/r8/s/b/t1;)Lcom/android/tools/r8/s/b/q1; @ 12
Event: 10447.862 Thread 0x0000000029a5e800 Uncommon trap: reason=bimorphic action=maybe_recompile pc=0x0000000004854548 method=com.android.tools.r8.ir.conversion.N.a(Lcom/android/tools/r8/s/b/k0;Lcom/android/tools/r8/s/b/W0;)V @ 222
Event: 10447.862 Thread 0x0000000029a5e800 Uncommon trap: reason=bimorphic action=maybe_recompile pc=0x0000000004854548 method=com.android.tools.r8.ir.conversion.N.a(Lcom/android/tools/r8/s/b/k0;Lcom/android/tools/r8/s/b/W0;)V @ 222

Classes redefined (0 events):
No events

Internal exceptions (10 events):
Event: 10447.115 Thread 0x000000002a09a000 Implicit null exception at 0x0000000005fdfb0e to 0x0000000005fe012d
Event: 10447.588 Thread 0x000000002a09a000 Exception <a 'sun/nio/fs/WindowsException'> (0x00000000f7104998) thrown at [C:\cygwin64\tmp\build\source\java-1.8.0-openjdk\tmp\jdk8u\hotspot\src\share\vm\prims\jni.cpp, line 711]
Event: 10448.474 Thread 0x000000002a09a000 Exception <a 'sun/nio/fs/WindowsException'> (0x00000000f8b3b180) thrown at [C:\cygwin64\tmp\build\source\java-1.8.0-openjdk\tmp\jdk8u\hotspot\src\share\vm\prims\jni.cpp, line 711]
Event: 10448.790 Thread 0x0000000029a5e800 Exception <a 'sun/nio/fs/WindowsException'> (0x00000000f95fc820) thrown at [C:\cygwin64\tmp\build\source\java-1.8.0-openjdk\tmp\jdk8u\hotspot\src\share\vm\prims\jni.cpp, line 711]
Event: 10449.150 Thread 0x000000002a09a000 Exception <a 'sun/nio/fs/WindowsException'> (0x00000000fa881ee8) thrown at [C:\cygwin64\tmp\build\source\java-1.8.0-openjdk\tmp\jdk8u\hotspot\src\share\vm\prims\jni.cpp, line 711]
Event: 10449.550 Thread 0x0000000029a5b000 Exception <a 'sun/nio/fs/WindowsException'> (0x00000000fb8fb0d0) thrown at [C:\cygwin64\tmp\build\source\java-1.8.0-openjdk\tmp\jdk8u\hotspot\src\share\vm\prims\jni.cpp, line 711]
Event: 10450.268 Thread 0x000000002a09a000 Exception <a 'sun/nio/fs/WindowsException'> (0x00000000f56b9678) thrown at [C:\cygwin64\tmp\build\source\java-1.8.0-openjdk\tmp\jdk8u\hotspot\src\share\vm\prims\jni.cpp, line 711]
Event: 10450.843 Thread 0x0000000029a5d800 Exception <a 'sun/nio/fs/WindowsException'> (0x00000000f7298e20) thrown at [C:\cygwin64\tmp\build\source\java-1.8.0-openjdk\tmp\jdk8u\hotspot\src\share\vm\prims\jni.cpp, line 711]
Event: 10453.494 Thread 0x0000000029a5b000 Exception <a 'sun/nio/fs/WindowsException'> (0x00000000f6d05f98) thrown at [C:\cygwin64\tmp\build\source\java-1.8.0-openjdk\tmp\jdk8u\hotspot\src\share\vm\prims\jni.cpp, line 711]
Event: 10453.920 Thread 0x000000002a09a000 Exception <a 'sun/nio/fs/WindowsException'> (0x00000000f7844ff8) thrown at [C:\cygwin64\tmp\build\source\java-1.8.0-openjdk\tmp\jdk8u\hotspot\src\share\vm\prims\jni.cpp, line 711]

Events (10 events):
Event: 10453.289 Thread 0x0000000029a5b000 DEOPT PACKING pc=0x000000000603cbfe sp=0x000000002d927f60
Event: 10453.289 Thread 0x0000000029a5b000 DEOPT UNPACKING pc=0x00000000028575d0 sp=0x000000002d927cd0 mode 0
Event: 10453.316 Thread 0x000000002a097000 DEOPT PACKING pc=0x00000000075eb186 sp=0x0000000018576c30
Event: 10453.316 Thread 0x000000002a097000 DEOPT UNPACKING pc=0x00000000028575d0 sp=0x0000000018576b38 mode 0
Event: 10453.637 Thread 0x000000002a097000 DEOPT PACKING pc=0x0000000007226dc8 sp=0x00000000185768c0
Event: 10453.637 Thread 0x000000002a097000 DEOPT UNPACKING pc=0x00000000028575d0 sp=0x0000000018576620 mode 0
Event: 10453.743 Thread 0x000000002a09a000 DEOPT PACKING pc=0x0000000007bca3f2 sp=0x000000001fcab570
Event: 10453.743 Thread 0x000000002a09a000 DEOPT UNPACKING pc=0x00000000028575d0 sp=0x000000001fcab2b8 mode 0
Event: 10453.975 Thread 0x000000002a097000 DEOPT PACKING pc=0x0000000007384630 sp=0x0000000018576f80
Event: 10453.975 Thread 0x000000002a097000 DEOPT UNPACKING pc=0x00000000028575d0 sp=0x0000000018576dc8 mode 0


Dynamic libraries:
0x00007ff6826c0000 - 0x00007ff6826f5000 	C:\Program Files\OpenJDK\openjdk-8u282-b08\bin\java.exe
0x00007ff9d03d0000 - 0x00007ff9d05c5000 	C:\WINDOWS\SYSTEM32\ntdll.dll
0x00007ff9a6bb0000 - 0x00007ff9a6bc6000 	C:\Program Files\AVAST Software\Avast\aswhook.dll
0x00007ff9cf660000 - 0x00007ff9cf71e000 	C:\WINDOWS\System32\KERNEL32.DLL
0x00007ff9ce150000 - 0x00007ff9ce419000 	C:\WINDOWS\System32\KERNELBASE.dll
0x00007ff9ce5d0000 - 0x00007ff9ce67c000 	C:\WINDOWS\System32\ADVAPI32.dll
0x00007ff9ce9b0000 - 0x00007ff9cea4e000 	C:\WINDOWS\System32\msvcrt.dll
0x00007ff9ceee0000 - 0x00007ff9cef7b000 	C:\WINDOWS\System32\sechost.dll
0x00007ff9cedb0000 - 0x00007ff9ceeda000 	C:\WINDOWS\System32\RPCRT4.dll
0x00007ff9ce6e0000 - 0x00007ff9ce881000 	C:\WINDOWS\System32\USER32.dll
0x00007ff9cdee0000 - 0x00007ff9cdf02000 	C:\WINDOWS\System32\win32u.dll
0x00007ff9cf4b0000 - 0x00007ff9cf4db000 	C:\WINDOWS\System32\GDI32.dll
0x00007ff9cdf40000 - 0x00007ff9ce04b000 	C:\WINDOWS\System32\gdi32full.dll
0x00007ff9cde40000 - 0x00007ff9cdedd000 	C:\WINDOWS\System32\msvcp_win.dll
0x00007ff9ce050000 - 0x00007ff9ce150000 	C:\WINDOWS\System32\ucrtbase.dll
0x00007ff9bbdb0000 - 0x00007ff9bc04a000 	C:\WINDOWS\WinSxS\amd64_microsoft.windows.common-controls_6595b64144ccf1df_6.0.19041.1110_none_60b5254171f9507e\COMCTL32.dll
0x00007ff9cf8d0000 - 0x00007ff9cf900000 	C:\WINDOWS\System32\IMM32.DLL
0x0000000069390000 - 0x0000000069462000 	C:\Program Files\OpenJDK\openjdk-8u282-b08\jre\bin\msvcr100.dll
0x0000000068af0000 - 0x0000000069385000 	C:\Program Files\OpenJDK\openjdk-8u282-b08\jre\bin\server\jvm.dll
0x00007ff9d0380000 - 0x00007ff9d0388000 	C:\WINDOWS\System32\PSAPI.DLL
0x00007ff9c81d0000 - 0x00007ff9c81f7000 	C:\WINDOWS\SYSTEM32\WINMM.dll
0x00007ff9c2df0000 - 0x00007ff9c2dfa000 	C:\WINDOWS\SYSTEM32\VERSION.dll
0x00007ff9bcd10000 - 0x00007ff9bcd19000 	C:\WINDOWS\SYSTEM32\WSOCK32.dll
0x00007ff9cf5e0000 - 0x00007ff9cf64b000 	C:\WINDOWS\System32\WS2_32.dll
0x00007ff9c1a00000 - 0x00007ff9c1a0f000 	C:\Program Files\OpenJDK\openjdk-8u282-b08\jre\bin\verify.dll
0x00007ff99c0a0000 - 0x00007ff99c0c9000 	C:\Program Files\OpenJDK\openjdk-8u282-b08\jre\bin\java.dll
0x00007ff9bfcd0000 - 0x00007ff9bfce6000 	C:\Program Files\OpenJDK\openjdk-8u282-b08\jre\bin\zip.dll
0x00007ff9cfc40000 - 0x00007ff9d037f000 	C:\WINDOWS\System32\SHELL32.dll
0x00007ff9cbbf0000 - 0x00007ff9cc380000 	C:\WINDOWS\SYSTEM32\windows.storage.dll
0x00007ff9cea50000 - 0x00007ff9ceda5000 	C:\WINDOWS\System32\combase.dll
0x00007ff9cd470000 - 0x00007ff9cd49c000 	C:\WINDOWS\SYSTEM32\Wldp.dll
0x00007ff9ce8f0000 - 0x00007ff9ce99d000 	C:\WINDOWS\System32\SHCORE.dll
0x00007ff9cf9f0000 - 0x00007ff9cfa45000 	C:\WINDOWS\System32\shlwapi.dll
0x00007ff9cda30000 - 0x00007ff9cda4f000 	C:\WINDOWS\SYSTEM32\profapi.dll
0x00007ff9bd8a0000 - 0x00007ff9bd8bb000 	C:\Program Files\OpenJDK\openjdk-8u282-b08\jre\bin\net.dll
0x00007ff9cd1d0000 - 0x00007ff9cd23a000 	C:\WINDOWS\system32\mswsock.dll
0x00007ff9b73c0000 - 0x00007ff9b73d2000 	C:\Program Files\OpenJDK\openjdk-8u282-b08\jre\bin\nio.dll
0x00007ff99bdd0000 - 0x00007ff99bdf6000 	C:\Users\Owner\.gradle\native\fdc75f09e3144964f2cf3f50f0aa648679c211496f362492102eb8c894070792\windows-amd64\native-platform.dll
0x00007ff969b80000 - 0x00007ff969d11000 	C:\Users\Owner\.gradle\native\12488b8bf47d2d4c9fbf2f6322a914ad602e24e48041cd04a747c6da556b65c4\windows-amd64\native-platform-file-events.dll
0x00007ff9c0bc0000 - 0x00007ff9c0bcd000 	C:\Program Files\OpenJDK\openjdk-8u282-b08\jre\bin\management.dll
0x00007ff9cd3c0000 - 0x00007ff9cd3d8000 	C:\WINDOWS\SYSTEM32\CRYPTSP.dll
0x00007ff9ccb50000 - 0x00007ff9ccb84000 	C:\WINDOWS\system32\rsaenh.dll
0x00007ff9cdf10000 - 0x00007ff9cdf37000 	C:\WINDOWS\System32\bcrypt.dll
0x00007ff9cd9f0000 - 0x00007ff9cda1e000 	C:\WINDOWS\SYSTEM32\USERENV.dll
0x00007ff9cdd00000 - 0x00007ff9cdd83000 	C:\WINDOWS\System32\bcryptprimitives.dll
0x00007ff9cd3e0000 - 0x00007ff9cd3ec000 	C:\WINDOWS\SYSTEM32\CRYPTBASE.dll
0x00007ff9ccec0000 - 0x00007ff9ccefb000 	C:\WINDOWS\SYSTEM32\IPHLPAPI.DLL
0x00007ff9ce9a0000 - 0x00007ff9ce9a8000 	C:\WINDOWS\System32\NSI.dll
0x00007ff9c02b0000 - 0x00007ff9c02c7000 	C:\WINDOWS\SYSTEM32\dhcpcsvc6.DLL
0x00007ff9c04b0000 - 0x00007ff9c04cd000 	C:\WINDOWS\SYSTEM32\dhcpcsvc.DLL
0x00007ff9ccf00000 - 0x00007ff9ccfcc000 	C:\WINDOWS\SYSTEM32\DNSAPI.dll
0x00007ff9c2d70000 - 0x00007ff9c2d7b000 	C:\WINDOWS\SYSTEM32\WINNSI.DLL
0x00007ff9b3ae0000 - 0x00007ff9b3b04000 	C:\Program Files\OpenJDK\openjdk-8u282-b08\jre\bin\sunec.dll
0x00007ff9bd480000 - 0x00007ff9bd48a000 	C:\Windows\System32\rasadhlp.dll
0x00007ff9bdf20000 - 0x00007ff9bdf9f000 	C:\WINDOWS\System32\fwpuclnt.dll
0x00007ff9c6410000 - 0x00007ff9c641c000 	C:\Program Files\OpenJDK\openjdk-8u282-b08\jre\bin\sunmscapi.dll
0x00007ff9cdaf0000 - 0x00007ff9cdc46000 	C:\WINDOWS\System32\CRYPT32.dll
0x00007ff9cd4e0000 - 0x00007ff9cd507000 	C:\WINDOWS\SYSTEM32\ncrypt.dll
0x00007ff9cd4a0000 - 0x00007ff9cd4db000 	C:\WINDOWS\SYSTEM32\NTASN1.dll
0x00007ff9cc7e0000 - 0x00007ff9cc813000 	C:\WINDOWS\SYSTEM32\ntmarta.dll
0x00007ff9cad30000 - 0x00007ff9cad4e000 	C:\Users\Owner\AppData\Local\Temp\native-platform5675018988304564493dir\native-platform.dll
0x00007ff9c7b50000 - 0x00007ff9c7b6e000 	C:\Users\Owner\AppData\Local\Temp\native-platform5149854188415780014dir\native-platform.dll

VM Arguments:
jvm_args: -XX:MaxMetaspaceSize=256m -XX:+HeapDumpOnOutOfMemoryError -Xms256m -Xmx512m -Dfile.encoding=windows-1252 -Duser.country=MX -Duser.language=es -Duser.variant 
java_command: org.gradle.launcher.daemon.bootstrap.GradleDaemon 6.7
java_class_path (initial): C:\Users\Owner\.gradle\wrapper\dists\gradle-6.7-all\cuy9mc7upwgwgeb72wkcrupxe\gradle-6.7\lib\gradle-launcher-6.7.jar
Launcher Type: SUN_STANDARD

Environment Variables:
JAVA_HOME=C:\Program Files\OpenJDK\openjdk-8u282-b08
CLASSPATH=C:\Users\Owner\Pmuz\android\\gradle\wrapper\gradle-wrapper.jar
PATH=C:\Users\Owner\Pmuz\android\node_modules\.bin;C:\Users\Owner\Pmuz\node_modules\.bin;C:\Users\Owner\node_modules\.bin;C:\Users\node_modules\.bin;C:\node_modules\.bin;C:\Program Files\nodejs;C:\Users\Owner\Downloads\WINDOWS.X64_193000_db_home\bin;C:\Program Files (x86)\Common Files\Oracle\Java\javapath;C:\WINDOWS\system32;C:\WINDOWS;C:\WINDOWS\System32\Wbem;C:\WINDOWS\System32\WindowsPowerShell\v1.0\;C:\WINDOWS\System32\OpenSSH\;C:\Program Files\Git\cmd;C:\Users\Owner\AppData\Local\Android\sdk\platform-tools;C:\ProgramData\chocolatey\bin;C:\Program Files\OpenJDK\openjdk-8u282-b08\bin;C:\Users\Owner\AppData\Local\Android\Sdk\emulator;C:\Users\Owner\AppData\Local\Android\Sdk\tools\bin;C:\Users\Owner\AppData\Local\Android\Sdk\tools;C:\Program Files\nodejs\;C:\Users\Owner\AppData\Local\Microsoft\WindowsApps;C:\Users\Owner\AppData\Local\Programs\Microsoft VS Code\bin;C:\AppServ\Apache24\bin;C:\AppServ\php7;C:\Users\Owner\AppServ\Apache24\bin;C:\Users\Owner\AppServ\php7;C:\Users\Owner\AppServ\MySQL\bin;C:\AppServ\MySQL\bin;C:\Users\Owner\AppData\Local\Android\Sdk\tools;C:\Users\Owner\AppData\Local\Android\Sdk\tools\bin;C:\Users\Owner\AppData\Roaming\npm;C:\Program Files\heroku\bin
USERNAME=Owner
OS=Windows_NT
PROCESSOR_IDENTIFIER=Intel64 Family 6 Model 42 Stepping 7, GenuineIntel



---------------  S Y S T E M  ---------------

OS: Windows 10.0 , 64 bit Build 19041 (10.0.19041.1202)

CPU:total 4 (initial active 4) (2 cores per cpu, 2 threads per core) family 6 model 42 stepping 7, cmov, cx8, fxsr, mmx, sse, sse2, sse3, ssse3, sse4.1, sse4.2, popcnt, avx, aes, clmul, ht, tsc, tscinvbit

Memory: 4k page, physical 4138424k(255144k free), swap 8234424k(2140k free)

vm_info: OpenJDK 64-Bit Server VM (25.282-b08) for windows-amd64 JRE (1.8.0_282-b08), built on Jan 11 2021 12:17:07 by "build" with MS VC++ 10.0 (VS2010)

time: Mon Nov 22 17:01:41 2021
timezone: Hora estándar oeste, Sudamérica
elapsed time: 10454.542658 seconds (0d 2h 54m 14s)

